<?xml version="1.0" encoding="UTF-8"?>
<!-- Generated by org.testng.reporters.JUnitReportReporter -->
<testsuite hostname="DESKTOP-9U9VBR9" failures="0" tests="10" name="org.example.adminLogin" time="36.811" errors="0" timestamp="2026-06-19T17:39:47 EEST" skipped="0">
  <testcase classname="org.example.adminLogin" name="happyScenario1" time="3.955"/>
  <testcase classname="org.example.adminLogin" name="happyScenario2" time="3.416"/>
  <testcase classname="org.example.adminLogin" name="happyScenario3" time="3.497"/>
  <testcase classname="org.example.adminLogin" name="happyScenario4" time="3.558"/>
  <testcase classname="org.example.adminLogin" name="happyScenario5" time="4.941"/>
  <testcase classname="org.example.adminLogin" name="badScenario1_WrongPassword" time="3.706"/>
  <testcase classname="org.example.adminLogin" name="badScenario2_WrongEmail" time="3.498"/>
  <testcase classname="org.example.adminLogin" name="badScenario3_EmptyPassword" time="3.563"/>
  <testcase classname="org.example.adminLogin" name="badScenario4_EmptyEmail" time="3.473"/>
  <testcase classname="org.example.adminLogin" name="badScenario5_EmptyBoth" time="3.204"/>
</testsuite> <!-- org.example.adminLogin -->
