<?xml version="1.0" encoding="UTF-8"?>
<testsuite xmlns:xsi="http://www.w3.org/2001/XMLSchema-instance" xsi:noNamespaceSchemaLocation="https://maven.apache.org/surefire/maven-surefire-plugin/xsd/surefire-test-report-3.0.xsd" version="3.0" name="org.example.ExplorePayment" time="32.429" tests="1" errors="0" skipped="0" failures="0">
  <properties>
[...]
</properties>
  <testcase name="testCheckout" classname="org.example.ExplorePayment" time="31.779">
    <system-out><![CDATA[CART HTML:
<aw-wizard class="horizontal ng-star-inserted"><aw-wizard-navigation-bar class="horizontal large-filled-symbols ng-star-inserted"><ul class="steps-4 steps-indicator"><li class="ng-star-inserted current"><a><div class="label"><!---->Cart<!----><!----></div><div class="step-indicator"><!---->1<!----><!----></div></a></li><li class="ng-star-inserted"><a><div class="label"><!---->Sign in<!----><!----></div><div class="step-indicator"><!---->2<!----><!----></div></a></li><li class="ng-star-inserted"><a><div class="label"><!---->Billing Address<!----><!----></div><div class="step-indicator"><!---->3<!----><!----></div></a></li><li class="ng-star-inserted"><a><div class="label"><!---->Payment<!----><!----></div><div class="step-indicator"><!---->4<!----><!----></div></a></li><!----></ul></aw-wizard-navigation-bar><!----><div class="wizard-steps horizontal"><aw-wizard-step><app-cart _nghost-ng-c2879330868=""><div _ngcontent-ng-c2879330868="" class="ng-star-inserted"><table _ngcontent-ng-c2879330868="" class="table table-hover"><thead _ngcontent-ng-c2879330868=""><tr _ngcontent-ng-c2879330868=""><th _ngcontent-ng-c2879330868="" scope="col" class="col-md-5">Item</th><th _ngcontent-ng-c2879330868="" scope="col" class="col-md-2">Quantity</th><th _ngcontent-ng-c2879330868="" scope="col" class="col-md-2 text-end">Price</th><th _ngcontent-ng-c2879330868="" scope="col" class="col-md-2 text-end">Total</th><th _ngcontent-ng-c2879330868="" scope="col" class="col-md-1"></th></tr></thead><tbody _ngcontent-ng-c2879330868=""><tr _ngcontent-ng-c2879330868="" class="ng-star-inserted"><td _ngcontent-ng-c2879330868="" class="col-md-4"><span _ngcontent-ng-c2879330868="" data-test="product-title" class="product-title">Combination Pliers&nbsp;<!----></span><br _ngcontent-ng-c2879330868=""><!----></td><td _ngcontent-ng-c2879330868="" class="col-md-2 align-middle"><label _ngcontent-ng-c2879330868="" class="visually-hidden" for="quantity-01kvg5j9pfdk6afse1qdxj4fz0">Quantity for Combination Pliers</label><input _ngcontent-ng-c2879330868="" type="number" data-test="product-quantity" min="1" class="form-control quantity ng-untouched ng-pristine ng-valid" id="quantity-01kvg5j9pfdk6afse1qdxj4fz0" max="99"></td><td _ngcontent-ng-c2879330868="" class="col-md-2 text-end"><span _ngcontent-ng-c2879330868="" data-test="product-price">$14.15</span><!----><!----></td><td _ngcontent-ng-c2879330868="" class="col-md-2 text-end"><span _ngcontent-ng-c2879330868="" data-test="line-price">$14.15</span><!----><!----></td><td _ngcontent-ng-c2879330868="" class="col-md-1 align-middle"><a _ngcontent-ng-c2879330868="" class="btn btn-danger"><fa-icon _ngcontent-ng-c2879330868="" class="ng-fa-icon"><svg aria-hidden="true" focusable="false" data-prefix="fas" data-icon="xmark" class="svg-inline--fa fa-xmark fa-undefined fa-pull-undefined" role="img" xmlns="http://www.w3.org/2000/svg" viewBox="0 0 384 512"><path fill="currentColor" d="M342.6 150.6c12.5-12.5 12.5-32.8 0-45.3s-32.8-12.5-45.3 0L192 210.7 86.6 105.4c-12.5-12.5-32.8-12.5-45.3 0s-12.5 32.8 0 45.3L146.7 256 41.4 361.4c-12.5 12.5-12.5 32.8 0 45.3s32.8 12.5 45.3 0L192 301.3 297.4 406.6c12.5 12.5 32.8 12.5 45.3 0s12.5-32.8 0-45.3L237.3 256 342.6 150.6z"></path></svg></fa-icon></a></td></tr><!----><!----><!----><!----></tbody><tfoot _ngcontent-ng-c2879330868=""><tr _ngcontent-ng-c2879330868=""><td _ngcontent-ng-c2879330868="" class="col-md-5"></td><td _ngcontent-ng-c2879330868="" class="col-md-2"></td><td _ngcontent-ng-c2879330868="" class="col-md-2 text-end"><strong _ngcontent-ng-c2879330868="">Total</strong></td><td _ngcontent-ng-c2879330868="" data-test="cart-total" class="col-md-2 text-end">$14.15</td><td _ngcontent-ng-c2879330868="" class="col-md-1"></td></tr></tfoot></table><div _ngcontent-ng-c2879330868="" class="d-flex justify-content-between ng-star-inserted"><button _ngcontent-ng-c2879330868="" data-test="continue-shopping" type="button" class="btn btn-secondary">Continue Shopping</button><button _ngcontent-ng-c2879330868="" data-test="proceed-1" type="button" awnextstep="" class="btn btn-success">Proceed to checkout</button></div><!----></div><!----><!----><!----></app-cart></aw-wizard-step><aw-wizard-step hidden=""><app-login><div class="container login-container ng-star-inserted"><div class="row"><div class="col-md-6 offset-md-3 login-form-1"><div class="ng-star-inserted"><div class="mb-3"><ul role="tablist" class="nav nav-tabs"><li class="nav-item"><a data-bs-toggle="tab" href="#signin-tab" role="tab" class="nav-link active">Sign in</a></li><li class="nav-item"><a data-bs-toggle="tab" href="#guest-tab" role="tab" class="nav-link">Continue as Guest</a></li></ul></div><div class="tab-content"><div id="signin-tab" role="tabpanel" class="tab-pane fade show active"><h3>Login</h3><form novalidate="" class="ng-untouched ng-pristine ng-invalid ng-star-inserted"><div class="mb-3"><label for="email" class="form-label">Email address *</label><input formcontrolname="email" id="email" data-test="email" type="email" aria-required="true" class="form-control ng-untouched ng-pristine ng-invalid" placeholder="Your email" aria-invalid="false"></div><!----><div class="mb-3"><label for="password">Password *</label><input formcontrolname="password" id="password" data-test="password" type="password" aria-required="true" class="form-control ng-untouched ng-pristine ng-invalid" placeholder="Your password" aria-invalid="false"></div><!----><div class="input-group mb-3"><input type="submit" data-test="login-submit" class="btnSubmit" value="Login"></div><div class="input-group mb-3"><p>Not yet an account? <a data-test="register-link" routerlink="/auth/register" href="/auth/register">Register your account</a><br><a data-test="forgot-password-link" routerlink="/auth/forgot-password" class="ForgetPwd" href="/auth/forgot-password">Forgot your Password?</a></p></div></form><!----><!----><!----></div><div id="guest-tab" role="tabpanel" class="tab-pane fade"><h3>Continue as Guest</h3><p>Checkout without creating an account</p><form novalidate="" class="ng-untouched ng-pristine ng-invalid"><div class="mb-3"><label for="guest-email" class="form-label">Email address *</label><input formcontrolname="email" id="guest-email" data-test="guest-email" type="email" aria-required="true" class="form-control ng-untouched ng-pristine ng-invalid" placeholder="Your email" aria-invalid="false"></div><!----><div class="mb-3"><label for="guest-first-name" class="form-label">First name *</label><input formcontrolname="first_name" id="guest-first-name" data-test="guest-first-name" type="text" aria-required="true" class="form-control ng-untouched ng-pristine ng-invalid" placeholder="Your first name" aria-invalid="false"></div><!----><div class="mb-3"><label for="guest-last-name" class="form-label">Last name *</label><input formcontrolname="last_name" id="guest-last-name" data-test="guest-last-name" type="text" aria-required="true" class="form-control ng-untouched ng-pristine ng-invalid" placeholder="Your last name" aria-invalid="false"></div><!----><div class="input-group mb-3"><input type="submit" data-test="guest-submit" class="btnSubmit" value="Continue as Guest"></div></form></div></div></div><!----><!----><!----></div></div></div><!----></app-login></aw-wizard-step><aw-wizard-step hidden=""><app-address><div class="container login-container ng-star-inserted"><div class="row"><div class="col-md-6 offset-md-3 login-form-1"><h3>Billing Address</h3><form novalidate="" class="ng-untouched ng-pristine ng-invalid"><div formgroupname="address" class="ng-untouched ng-pristine ng-invalid"><div class="mb-3"><label for="country" class="form-label">Country</label><select id="country" data-test="country" formcontrolname="country" class="form-select ng-untouched ng-pristine ng-invalid"><option value="" disabled="" selected="" hidden="">Your country *</option><option value="AL" class="ng-star-inserted">Albania</option><option value="AX" class="ng-star-inserted">Åland Islands</option><option value="DZ" class="ng-star-inserted">Algeria</option><option value="AS" class="ng-star-inserted">American Samoa</option><option value="AD" class="ng-star-inserted">Andorra</option><option value="AO" class="ng-star-inserted">Angola</option><option value="AI" class="ng-star-inserted">Anguilla</option><option value="AQ" class="ng-star-inserted">Antarctica</option><option value="AG" class="ng-star-inserted">Antigua and Barbuda</option><option value="AR" class="ng-star-inserted">Argentina</option><option value="AM" class="ng-star-inserted">Armenia</option><option value="AW" class="ng-star-inserted">Aruba</option><option value="AU" class="ng-star-inserted">Australia</option><option value="AT" class="ng-star-inserted">Austria</option><option value="AZ" class="ng-star-inserted">Azerbaijan</option><option value="BS" class="ng-star-inserted">Bahamas (the)</option><option value="BH" class="ng-star-inserted">Bahrain</option><option value="BD" class="ng-star-inserted">Bangladesh</option><option value="BB" class="ng-star-inserted">Barbados</option><option value="BY" class="ng-star-inserted">Belarus</option><option value="BE" class="ng-star-inserted">Belgium</option><option value="BZ" class="ng-star-inserted">Belize</option><option value="BJ" class="ng-star-inserted">Benin</option><option value="BM" class="ng-star-inserted">Bermuda</option><option value="BT" class="ng-star-inserted">Bhutan</option><option value="BO" class="ng-star-inserted">Bolivia (Plurinational State of)</option><option value="BQ" class="ng-star-inserted">Bonaire, Sint Eustatius and Saba</option><option value="BA" class="ng-star-inserted">Bosnia and Herzegovina</option><option value="BW" class="ng-star-inserted">Botswana</option><option value="BV" class="ng-star-inserted">Bouvet Island</option><option value="BR" class="ng-star-inserted">Brazil</option><option value="IO" class="ng-star-inserted">British Indian Ocean Territory (the)</option><option value="BN" class="ng-star-inserted">Brunei Darussalam</option><option value="BG" class="ng-star-inserted">Bulgaria</option><option value="BF" class="ng-star-inserted">Burkina Faso</option><option value="BI" class="ng-star-inserted">Burundi</option><option value="CV" class="ng-star-inserted">Cabo Verde</option><option value="KH" class="ng-star-inserted">Cambodia</option><option value="CM" class="ng-star-inserted">Cameroon</option><option value="CA" class="ng-star-inserted">Canada</option><option value="KY" class="ng-star-inserted">Cayman Islands (the)</option><option value="CF" class="ng-star-inserted">Central African Republic (the)</option><option value="TD" class="ng-star-inserted">Chad</option><option value="CL" class="ng-star-inserted">Chile</option><option value="CN" class="ng-star-inserted">China</option><option value="CX" class="ng-star-inserted">Christmas Island</option><option value="CC" class="ng-star-inserted">Cocos (Keeling) Islands (the)</option><option value="CO" class="ng-star-inserted">Colombia</option><option value="KM" class="ng-star-inserted">Comoros (the)</option><option value="CD" class="ng-star-inserted">Congo (the Democratic Republic of the)</option><option value="CG" class="ng-star-inserted">Congo (the)</option><option value="CK" class="ng-star-inserted">Cook Islands (the)</option><option value="CR" class="ng-star-inserted">Costa Rica</option><option value="HR" class="ng-star-inserted">Croatia</option><option value="CU" class="ng-star-inserted">Cuba</option><option value="CW" class="ng-star-inserted">Curaçao</option><option value="CY" class="ng-star-inserted">Cyprus</option><option value="CZ" class="ng-star-inserted">Czechia</option><option value="CI" class="ng-star-inserted">Côte d'Ivoire</option><option value="DK" class="ng-star-inserted">Denmark</option><option value="DJ" class="ng-star-inserted">Djibouti</option><option value="DM" class="ng-star-inserted">Dominica</option><option value="DO" class="ng-star-inserted">Dominican Republic (the)</option><option value="EC" class="ng-star-inserted">Ecuador</option><option value="EG" class="ng-star-inserted">Egypt</option><option value="SV" class="ng-star-inserted">El Salvador</option><option value="GQ" class="ng-star-inserted">Equatorial Guinea</option><option value="ER" class="ng-star-inserted">Eritrea</option><option value="EE" class="ng-star-inserted">Estonia</option><option value="SZ" class="ng-star-inserted">Eswatini</option><option value="ET" class="ng-star-inserted">Ethiopia</option><option value="FK" class="ng-star-inserted">Falkland Islands (the) [Malvinas]</option><option value="FO" class="ng-star-inserted">Faroe Islands (the)</option><option value="FJ" class="ng-star-inserted">Fiji</option><option value="FI" class="ng-star-inserted">Finland</option><option value="FR" class="ng-star-inserted">France</option><option value="GF" class="ng-star-inserted">French Guiana</option><option value="PF" class="ng-star-inserted">French Polynesia</option><option value="TF" class="ng-star-inserted">French Southern Territories (the)</option><option value="GA" class="ng-star-inserted">Gabon</option><option value="GM" class="ng-star-inserted">Gambia (the)</option><option value="GE" class="ng-star-inserted">Georgia</option><option value="DE" class="ng-star-inserted">Germany</option><option value="GH" class="ng-star-inserted">Ghana</option><option value="GI" class="ng-star-inserted">Gibraltar</option><option value="GR" class="ng-star-inserted">Greece</option><option value="GL" class="ng-star-inserted">Greenland</option><option value="GD" class="ng-star-inserted">Grenada</option><option value="GP" class="ng-star-inserted">Guadeloupe</option><option value="GU" class="ng-star-inserted">Guam</option><option value="GT" class="ng-star-inserted">Guatemala</option><option value="GG" class="ng-star-inserted">Guernsey</option><option value="GN" class="ng-star-inserted">Guinea</option><option value="GW" class="ng-star-inserted">Guinea-Bissau</option><option value="GY" class="ng-star-inserted">Guyana</option><option value="HT" class="ng-star-inserted">Haiti</option><option value="HM" class="ng-star-inserted">Heard Island and McDonald Islands</option><option value="VA" class="ng-star-inserted">Holy See (the)</option><option value="HN" class="ng-star-inserted">Honduras</option><option value="HK" class="ng-star-inserted">Hong Kong</option><option value="HU" class="ng-star-inserted">Hungary</option><option value="IS" class="ng-star-inserted">Iceland</option><option value="IN" class="ng-star-inserted">India</option><option value="ID" class="ng-star-inserted">Indonesia</option><option value="IR" class="ng-star-inserted">Iran (Islamic Republic of)</option><option value="IQ" class="ng-star-inserted">Iraq</option><option value="IE" class="ng-star-inserted">Ireland</option><option value="IM" class="ng-star-inserted">Isle of Man</option><option value="IL" class="ng-star-inserted">Israel</option><option value="IT" class="ng-star-inserted">Italy</option><option value="JM" class="ng-star-inserted">Jamaica</option><option value="JP" class="ng-star-inserted">Japan</option><option value="JE" class="ng-star-inserted">Jersey</option><option value="JO" class="ng-star-inserted">Jordan</option><option value="KZ" class="ng-star-inserted">Kazakhstan</option><option value="KE" class="ng-star-inserted">Kenya</option><option value="KI" class="ng-star-inserted">Kiribati</option><option value="KP" class="ng-star-inserted">Korea (the Democratic People's Republic of)</option><option value="KR" class="ng-star-inserted">Korea (the Republic of)</option><option value="KW" class="ng-star-inserted">Kuwait</option><option value="KG" class="ng-star-inserted">Kyrgyzstan</option><option value="LA" class="ng-star-inserted">Lao People's Democratic Republic (the)</option><option value="LV" class="ng-star-inserted">Latvia</option><option value="LB" class="ng-star-inserted">Lebanon</option><option value="LS" class="ng-star-inserted">Lesotho</option><option value="LR" class="ng-star-inserted">Liberia</option><option value="LY" class="ng-star-inserted">Libya</option><option value="LI" class="ng-star-inserted">Liechtenstein</option><option value="LT" class="ng-star-inserted">Lithuania</option><option value="LU" class="ng-star-inserted">Luxembourg</option><option value="MO" class="ng-star-inserted">Macao</option><option value="MG" class="ng-star-inserted">Madagascar</option><option value="MW" class="ng-star-inserted">Malawi</option><option value="MY" class="ng-star-inserted">Malaysia</option><option value="MV" class="ng-star-inserted">Maldives</option><option value="ML" class="ng-star-inserted">Mali</option><option value="MT" class="ng-star-inserted">Malta</option><option value="MH" class="ng-star-inserted">Marshall Islands (the)</option><option value="MQ" class="ng-star-inserted">Martinique</option><option value="MR" class="ng-star-inserted">Mauritania</option><option value="MU" class="ng-star-inserted">Mauritius</option><option value="YT" class="ng-star-inserted">Mayotte</option><option value="MX" class="ng-star-inserted">Mexico</option><option value="FM" class="ng-star-inserted">Micronesia (Federated States of)</option><option value="MD" class="ng-star-inserted">Moldova (the Republic of)</option><option value="MC" class="ng-star-inserted">Monaco</option><option value="MN" class="ng-star-inserted">Mongolia</option><option value="ME" class="ng-star-inserted">Montenegro</option><option value="MS" class="ng-star-inserted">Montserrat</option><option value="MA" class="ng-star-inserted">Morocco</option><option value="MZ" class="ng-star-inserted">Mozambique</option><option value="MM" class="ng-star-inserted">Myanmar</option><option value="NA" class="ng-star-inserted">Namibia</option><option value="NR" class="ng-star-inserted">Nauru</option><option value="NP" class="ng-star-inserted">Nepal</option><option value="NL" class="ng-star-inserted">Netherlands (the)</option><option value="NC" class="ng-star-inserted">New Caledonia</option><option value="NZ" class="ng-star-inserted">New Zealand</option><option value="NI" class="ng-star-inserted">Nicaragua</option><option value="NE" class="ng-star-inserted">Niger (the)</option><option value="NG" class="ng-star-inserted">Nigeria</option><option value="NU" class="ng-star-inserted">Niue</option><option value="NF" class="ng-star-inserted">Norfolk Island</option><option value="MP" class="ng-star-inserted">Northern Mariana Islands (the)</option><option value="NO" class="ng-star-inserted">Norway</option><option value="OM" class="ng-star-inserted">Oman</option><option value="PK" class="ng-star-inserted">Pakistan</option><option value="PW" class="ng-star-inserted">Palau</option><option value="PS" class="ng-star-inserted">Palestine, State of</option><option value="PA" class="ng-star-inserted">Panama</option><option value="PG" class="ng-star-inserted">Papua New Guinea</option><option value="PY" class="ng-star-inserted">Paraguay</option><option value="PE" class="ng-star-inserted">Peru</option><option value="PH" class="ng-star-inserted">Philippines (the)</option><option value="PN" class="ng-star-inserted">Pitcairn</option><option value="PL" class="ng-star-inserted">Poland</option><option value="PT" class="ng-star-inserted">Portugal</option><option value="PR" class="ng-star-inserted">Puerto Rico</option><option value="QA" class="ng-star-inserted">Qatar</option><option value="MK" class="ng-star-inserted">Republic of North Macedonia</option><option value="RO" class="ng-star-inserted">Romania</option><option value="RU" class="ng-star-inserted">Russian Federation (the)</option><option value="RW" class="ng-star-inserted">Rwanda</option><option value="RE" class="ng-star-inserted">Réunion</option><option value="BL" class="ng-star-inserted">Saint Barthélemy</option><option value="SH" class="ng-star-inserted">Saint Helena, Ascension and Tristan da Cunha</option><option value="KN" class="ng-star-inserted">Saint Kitts and Nevis</option><option value="LC" class="ng-star-inserted">Saint Lucia</option><option value="MF" class="ng-star-inserted">Saint Martin (French part)</option><option value="PM" class="ng-star-inserted">Saint Pierre and Miquelon</option><option value="VC" class="ng-star-inserted">Saint Vincent and the Grenadines</option><option value="WS" class="ng-star-inserted">Samoa</option><option value="SM" class="ng-star-inserted">San Marino</option><option value="ST" class="ng-star-inserted">Sao Tome and Principe</option><option value="SA" class="ng-star-inserted">Saudi Arabia</option><option value="SN" class="ng-star-inserted">Senegal</option><option value="RS" class="ng-star-inserted">Serbia</option><option value="SC" class="ng-star-inserted">Seychelles</option><option value="SL" class="ng-star-inserted">Sierra Leone</option><option value="SG" class="ng-star-inserted">Singapore</option><option value="SX" class="ng-star-inserted">Sint Maarten (Dutch part)</option><option value="SK" class="ng-star-inserted">Slovakia</option><option value="SI" class="ng-star-inserted">Slovenia</option><option value="SB" class="ng-star-inserted">Solomon Islands</option><option value="SO" class="ng-star-inserted">Somalia</option><option value="ZA" class="ng-star-inserted">South Africa</option><option value="GS" class="ng-star-inserted">South Georgia and the South Sandwich Islands</option><option value="SS" class="ng-star-inserted">South Sudan</option><option value="ES" class="ng-star-inserted">Spain</option><option value="LK" class="ng-star-inserted">Sri Lanka</option><option value="SD" class="ng-star-inserted">Sudan (the)</option><option value="SR" class="ng-star-inserted">Suriname</option><option value="SJ" class="ng-star-inserted">Svalbard and Jan Mayen</option><option value="SE" class="ng-star-inserted">Sweden</option><option value="CH" class="ng-star-inserted">Switzerland</option><option value="SY" class="ng-star-inserted">Syrian Arab Republic</option><option value="TW" class="ng-star-inserted">Taiwan (Province of China)</option><option value="TJ" class="ng-star-inserted">Tajikistan</option><option value="TZ" class="ng-star-inserted">Tanzania, United Republic of</option><option value="TH" class="ng-star-inserted">Thailand</option><option value="TL" class="ng-star-inserted">Timor-Leste</option><option value="TG" class="ng-star-inserted">Togo</option><option value="TK" class="ng-star-inserted">Tokelau</option><option value="TO" class="ng-star-inserted">Tonga</option><option value="TT" class="ng-star-inserted">Trinidad and Tobago</option><option value="TN" class="ng-star-inserted">Tunisia</option><option value="TR" class="ng-star-inserted">Turkey</option><option value="TM" class="ng-star-inserted">Turkmenistan</option><option value="TC" class="ng-star-inserted">Turks and Caicos Islands (the)</option><option value="TV" class="ng-star-inserted">Tuvalu</option><option value="UG" class="ng-star-inserted">Uganda</option><option value="UA" class="ng-star-inserted">Ukraine</option><option value="AE" class="ng-star-inserted">United Arab Emirates (the)</option><option value="GB" class="ng-star-inserted">United Kingdom of Great Britain and Northern Ireland (the)</option><option value="UM" class="ng-star-inserted">United States Minor Outlying Islands (the)</option><option value="US" class="ng-star-inserted">United States of America (the)</option><option value="UY" class="ng-star-inserted">Uruguay</option><option value="UZ" class="ng-star-inserted">Uzbekistan</option><option value="VU" class="ng-star-inserted">Vanuatu</option><option value="VE" class="ng-star-inserted">Venezuela (Bolivarian Republic of)</option><option value="VN" class="ng-star-inserted">Viet Nam</option><option value="VG" class="ng-star-inserted">Virgin Islands (British)</option><option value="VI" class="ng-star-inserted">Virgin Islands (U.S.)</option><option value="WF" class="ng-star-inserted">Wallis and Futuna</option><option value="EH" class="ng-star-inserted">Western Sahara</option><option value="YE" class="ng-star-inserted">Yemen</option><option value="ZM" class="ng-star-inserted">Zambia</option><option value="ZW" class="ng-star-inserted">Zimbabwe</option><!----></select></div><small data-test="postcode-lookup-hint" class="text-muted d-block mb-2"> Enter country, postal code and house number. We will fill in the rest automatically. </small><div class="row"><div class="col-md-6 mb-3"><label for="postal_code" class="form-label">Postal code</label><input formcontrolname="postal_code" data-test="postal_code" id="postal_code" type="text" class="form-control ng-untouched ng-pristine ng-invalid" placeholder="Your Postcode *"></div><div class="col-md-6 mb-3"><label for="house_number" class="form-label">House number</label><input formcontrolname="house_number" data-test="house_number" id="house_number" type="text" class="form-control ng-untouched ng-pristine ng-invalid" placeholder="e.g. 42 *"></div></div><!----><!----><div class="mb-3"><label for="street" class="form-label">Street</label><input formcontrolname="street" data-test="street" id="street" type="text" class="form-control ng-untouched ng-pristine ng-invalid" placeholder="Your Street *"></div><div class="mb-3"><label for="city" class="form-label">City</label><input formcontrolname="city" data-test="city" id="city" type="text" class="form-control ng-untouched ng-pristine ng-invalid" placeholder="Your City *"></div><div class="mb-3"><label for="state" class="form-label">State</label><input formcontrolname="state" data-test="state" id="state" type="text" class="form-control ng-untouched ng-pristine ng-invalid" placeholder="State *"></div></div></form><div class="float-end"><button data-test="proceed-3" type="button" awnextstep="" class="btn btn-success" disabled="">Proceed to checkout </button></div></div></div></div><!----></app-address></aw-wizard-step><aw-wizard-completion-step hidden=""><app-payment><div class="container ng-star-inserted"><div class="row"><!----><div class="col-md-6 offset-md-3 login-form-1 ng-star-inserted"><h3>Payment</h3><form novalidate="" class="ng-untouched ng-pristine ng-invalid"><div class="input-group mb-3"><label for="payment-method" class="visually-hidden">Payment Method</label><select data-test="payment-method" id="payment-method" formcontrolname="payment_method" class="form-select ng-untouched ng-pristine ng-invalid"><option value="" disabled="">Choose your payment method</option><option value="bank-transfer">Bank Transfer</option><option value="cash-on-delivery">Cash on Delivery</option><option value="credit-card">Credit Card</option><option value="buy-now-pay-later">Buy Now Pay Later</option><option value="gift-card">Gift Card</option></select></div><!----><!----><!----><!----><!----><!----><!----></form><div class="float-end"><button data-test="finish" type="button" class="btn btn-success" disabled=""> Confirm </button></div></div><!----></div></div><!----></app-payment></aw-wizard-completion-step></div><!----></aw-wizard><!---->
CHECKOUT LOGIN HTML:
<aw-wizard class="horizontal ng-star-inserted"><aw-wizard-navigation-bar class="horizontal large-filled-symbols ng-star-inserted"><ul class="steps-4 steps-indicator"><li class="ng-star-inserted done navigable"><a><div class="label"><!---->Cart<!----><!----></div><div class="step-indicator"><!---->1<!----><!----></div></a></li><li class="ng-star-inserted current"><a><div class="label"><!---->Sign in<!----><!----></div><div class="step-indicator"><!---->2<!----><!----></div></a></li><li class="ng-star-inserted"><a><div class="label"><!---->Billing Address<!----><!----></div><div class="step-indicator"><!---->3<!----><!----></div></a></li><li class="ng-star-inserted"><a><div class="label"><!---->Payment<!----><!----></div><div class="step-indicator"><!---->4<!----><!----></div></a></li><!----></ul></aw-wizard-navigation-bar><!----><div class="wizard-steps horizontal"><aw-wizard-step hidden=""><app-cart _nghost-ng-c2879330868=""><div _ngcontent-ng-c2879330868="" class="ng-star-inserted"><table _ngcontent-ng-c2879330868="" class="table table-hover"><thead _ngcontent-ng-c2879330868=""><tr _ngcontent-ng-c2879330868=""><th _ngcontent-ng-c2879330868="" scope="col" class="col-md-5">Item</th><th _ngcontent-ng-c2879330868="" scope="col" class="col-md-2">Quantity</th><th _ngcontent-ng-c2879330868="" scope="col" class="col-md-2 text-end">Price</th><th _ngcontent-ng-c2879330868="" scope="col" class="col-md-2 text-end">Total</th><th _ngcontent-ng-c2879330868="" scope="col" class="col-md-1"></th></tr></thead><tbody _ngcontent-ng-c2879330868=""><tr _ngcontent-ng-c2879330868="" class="ng-star-inserted"><td _ngcontent-ng-c2879330868="" class="col-md-4"><span _ngcontent-ng-c2879330868="" data-test="product-title" class="product-title">Combination Pliers&nbsp;<!----></span><br _ngcontent-ng-c2879330868=""><!----></td><td _ngcontent-ng-c2879330868="" class="col-md-2 align-middle"><label _ngcontent-ng-c2879330868="" class="visually-hidden" for="quantity-01kvg5j9pfdk6afse1qdxj4fz0">Quantity for Combination Pliers</label><input _ngcontent-ng-c2879330868="" type="number" data-test="product-quantity" min="1" class="form-control quantity ng-untouched ng-pristine ng-valid" id="quantity-01kvg5j9pfdk6afse1qdxj4fz0" max="99"></td><td _ngcontent-ng-c2879330868="" class="col-md-2 text-end"><span _ngcontent-ng-c2879330868="" data-test="product-price">$14.15</span><!----><!----></td><td _ngcontent-ng-c2879330868="" class="col-md-2 text-end"><span _ngcontent-ng-c2879330868="" data-test="line-price">$14.15</span><!----><!----></td><td _ngcontent-ng-c2879330868="" class="col-md-1 align-middle"><a _ngcontent-ng-c2879330868="" class="btn btn-danger"><fa-icon _ngcontent-ng-c2879330868="" class="ng-fa-icon"><svg aria-hidden="true" focusable="false" data-prefix="fas" data-icon="xmark" class="svg-inline--fa fa-xmark fa-undefined fa-pull-undefined" role="img" xmlns="http://www.w3.org/2000/svg" viewBox="0 0 384 512"><path fill="currentColor" d="M342.6 150.6c12.5-12.5 12.5-32.8 0-45.3s-32.8-12.5-45.3 0L192 210.7 86.6 105.4c-12.5-12.5-32.8-12.5-45.3 0s-12.5 32.8 0 45.3L146.7 256 41.4 361.4c-12.5 12.5-12.5 32.8 0 45.3s32.8 12.5 45.3 0L192 301.3 297.4 406.6c12.5 12.5 32.8 12.5 45.3 0s12.5-32.8 0-45.3L237.3 256 342.6 150.6z"></path></svg></fa-icon></a></td></tr><!----><!----><!----><!----></tbody><tfoot _ngcontent-ng-c2879330868=""><tr _ngcontent-ng-c2879330868=""><td _ngcontent-ng-c2879330868="" class="col-md-5"></td><td _ngcontent-ng-c2879330868="" class="col-md-2"></td><td _ngcontent-ng-c2879330868="" class="col-md-2 text-end"><strong _ngcontent-ng-c2879330868="">Total</strong></td><td _ngcontent-ng-c2879330868="" data-test="cart-total" class="col-md-2 text-end">$14.15</td><td _ngcontent-ng-c2879330868="" class="col-md-1"></td></tr></tfoot></table><div _ngcontent-ng-c2879330868="" class="d-flex justify-content-between ng-star-inserted"><button _ngcontent-ng-c2879330868="" data-test="continue-shopping" type="button" class="btn btn-secondary">Continue Shopping</button><button _ngcontent-ng-c2879330868="" data-test="proceed-1" type="button" awnextstep="" class="btn btn-success">Proceed to checkout</button></div><!----></div><!----><!----><!----></app-cart></aw-wizard-step><aw-wizard-step><app-login><div class="container login-container ng-star-inserted"><div class="row"><div class="col-md-6 offset-md-3 login-form-1"><div class="ng-star-inserted"><div class="mb-3"><ul role="tablist" class="nav nav-tabs"><li class="nav-item"><a data-bs-toggle="tab" href="#signin-tab" role="tab" class="nav-link active">Sign in</a></li><li class="nav-item"><a data-bs-toggle="tab" href="#guest-tab" role="tab" class="nav-link">Continue as Guest</a></li></ul></div><div class="tab-content"><div id="signin-tab" role="tabpanel" class="tab-pane fade show active"><h3>Login</h3><form novalidate="" class="ng-untouched ng-pristine ng-invalid ng-star-inserted"><div class="mb-3"><label for="email" class="form-label">Email address *</label><input formcontrolname="email" id="email" data-test="email" type="email" aria-required="true" class="form-control ng-untouched ng-pristine ng-invalid" placeholder="Your email" aria-invalid="false"></div><!----><div class="mb-3"><label for="password">Password *</label><input formcontrolname="password" id="password" data-test="password" type="password" aria-required="true" class="form-control ng-untouched ng-pristine ng-invalid" placeholder="Your password" aria-invalid="false"></div><!----><div class="input-group mb-3"><input type="submit" data-test="login-submit" class="btnSubmit" value="Login"></div><div class="input-group mb-3"><p>Not yet an account? <a data-test="register-link" routerlink="/auth/register" href="/auth/register">Register your account</a><br><a data-test="forgot-password-link" routerlink="/auth/forgot-password" class="ForgetPwd" href="/auth/forgot-password">Forgot your Password?</a></p></div></form><!----><!----><!----></div><div id="guest-tab" role="tabpanel" class="tab-pane fade"><h3>Continue as Guest</h3><p>Checkout without creating an account</p><form novalidate="" class="ng-untouched ng-pristine ng-invalid"><div class="mb-3"><label for="guest-email" class="form-label">Email address *</label><input formcontrolname="email" id="guest-email" data-test="guest-email" type="email" aria-required="true" class="form-control ng-untouched ng-pristine ng-invalid" placeholder="Your email" aria-invalid="false"></div><!----><div class="mb-3"><label for="guest-first-name" class="form-label">First name *</label><input formcontrolname="first_name" id="guest-first-name" data-test="guest-first-name" type="text" aria-required="true" class="form-control ng-untouched ng-pristine ng-invalid" placeholder="Your first name" aria-invalid="false"></div><!----><div class="mb-3"><label for="guest-last-name" class="form-label">Last name *</label><input formcontrolname="last_name" id="guest-last-name" data-test="guest-last-name" type="text" aria-required="true" class="form-control ng-untouched ng-pristine ng-invalid" placeholder="Your last name" aria-invalid="false"></div><!----><div class="input-group mb-3"><input type="submit" data-test="guest-submit" class="btnSubmit" value="Continue as Guest"></div></form></div></div></div><!----><!----><!----></div></div></div><!----></app-login></aw-wizard-step><aw-wizard-step hidden=""><app-address><div class="container login-container ng-star-inserted"><div class="row"><div class="col-md-6 offset-md-3 login-form-1"><h3>Billing Address</h3><form novalidate="" class="ng-untouched ng-pristine ng-invalid"><div formgroupname="address" class="ng-untouched ng-pristine ng-invalid"><div class="mb-3"><label for="country" class="form-label">Country</label><select id="country" data-test="country" formcontrolname="country" class="form-select ng-untouched ng-pristine ng-invalid"><option value="" disabled="" selected="" hidden="">Your country *</option><option value="AL" class="ng-star-inserted">Albania</option><option value="AX" class="ng-star-inserted">Åland Islands</option><option value="DZ" class="ng-star-inserted">Algeria</option><option value="AS" class="ng-star-inserted">American Samoa</option><option value="AD" class="ng-star-inserted">Andorra</option><option value="AO" class="ng-star-inserted">Angola</option><option value="AI" class="ng-star-inserted">Anguilla</option><option value="AQ" class="ng-star-inserted">Antarctica</option><option value="AG" class="ng-star-inserted">Antigua and Barbuda</option><option value="AR" class="ng-star-inserted">Argentina</option><option value="AM" class="ng-star-inserted">Armenia</option><option value="AW" class="ng-star-inserted">Aruba</option><option value="AU" class="ng-star-inserted">Australia</option><option value="AT" class="ng-star-inserted">Austria</option><option value="AZ" class="ng-star-inserted">Azerbaijan</option><option value="BS" class="ng-star-inserted">Bahamas (the)</option><option value="BH" class="ng-star-inserted">Bahrain</option><option value="BD" class="ng-star-inserted">Bangladesh</option><option value="BB" class="ng-star-inserted">Barbados</option><option value="BY" class="ng-star-inserted">Belarus</option><option value="BE" class="ng-star-inserted">Belgium</option><option value="BZ" class="ng-star-inserted">Belize</option><option value="BJ" class="ng-star-inserted">Benin</option><option value="BM" class="ng-star-inserted">Bermuda</option><option value="BT" class="ng-star-inserted">Bhutan</option><option value="BO" class="ng-star-inserted">Bolivia (Plurinational State of)</option><option value="BQ" class="ng-star-inserted">Bonaire, Sint Eustatius and Saba</option><option value="BA" class="ng-star-inserted">Bosnia and Herzegovina</option><option value="BW" class="ng-star-inserted">Botswana</option><option value="BV" class="ng-star-inserted">Bouvet Island</option><option value="BR" class="ng-star-inserted">Brazil</option><option value="IO" class="ng-star-inserted">British Indian Ocean Territory (the)</option><option value="BN" class="ng-star-inserted">Brunei Darussalam</option><option value="BG" class="ng-star-inserted">Bulgaria</option><option value="BF" class="ng-star-inserted">Burkina Faso</option><option value="BI" class="ng-star-inserted">Burundi</option><option value="CV" class="ng-star-inserted">Cabo Verde</option><option value="KH" class="ng-star-inserted">Cambodia</option><option value="CM" class="ng-star-inserted">Cameroon</option><option value="CA" class="ng-star-inserted">Canada</option><option value="KY" class="ng-star-inserted">Cayman Islands (the)</option><option value="CF" class="ng-star-inserted">Central African Republic (the)</option><option value="TD" class="ng-star-inserted">Chad</option><option value="CL" class="ng-star-inserted">Chile</option><option value="CN" class="ng-star-inserted">China</option><option value="CX" class="ng-star-inserted">Christmas Island</option><option value="CC" class="ng-star-inserted">Cocos (Keeling) Islands (the)</option><option value="CO" class="ng-star-inserted">Colombia</option><option value="KM" class="ng-star-inserted">Comoros (the)</option><option value="CD" class="ng-star-inserted">Congo (the Democratic Republic of the)</option><option value="CG" class="ng-star-inserted">Congo (the)</option><option value="CK" class="ng-star-inserted">Cook Islands (the)</option><option value="CR" class="ng-star-inserted">Costa Rica</option><option value="HR" class="ng-star-inserted">Croatia</option><option value="CU" class="ng-star-inserted">Cuba</option><option value="CW" class="ng-star-inserted">Curaçao</option><option value="CY" class="ng-star-inserted">Cyprus</option><option value="CZ" class="ng-star-inserted">Czechia</option><option value="CI" class="ng-star-inserted">Côte d'Ivoire</option><option value="DK" class="ng-star-inserted">Denmark</option><option value="DJ" class="ng-star-inserted">Djibouti</option><option value="DM" class="ng-star-inserted">Dominica</option><option value="DO" class="ng-star-inserted">Dominican Republic (the)</option><option value="EC" class="ng-star-inserted">Ecuador</option><option value="EG" class="ng-star-inserted">Egypt</option><option value="SV" class="ng-star-inserted">El Salvador</option><option value="GQ" class="ng-star-inserted">Equatorial Guinea</option><option value="ER" class="ng-star-inserted">Eritrea</option><option value="EE" class="ng-star-inserted">Estonia</option><option value="SZ" class="ng-star-inserted">Eswatini</option><option value="ET" class="ng-star-inserted">Ethiopia</option><option value="FK" class="ng-star-inserted">Falkland Islands (the) [Malvinas]</option><option value="FO" class="ng-star-inserted">Faroe Islands (the)</option><option value="FJ" class="ng-star-inserted">Fiji</option><option value="FI" class="ng-star-inserted">Finland</option><option value="FR" class="ng-star-inserted">France</option><option value="GF" class="ng-star-inserted">French Guiana</option><option value="PF" class="ng-star-inserted">French Polynesia</option><option value="TF" class="ng-star-inserted">French Southern Territories (the)</option><option value="GA" class="ng-star-inserted">Gabon</option><option value="GM" class="ng-star-inserted">Gambia (the)</option><option value="GE" class="ng-star-inserted">Georgia</option><option value="DE" class="ng-star-inserted">Germany</option><option value="GH" class="ng-star-inserted">Ghana</option><option value="GI" class="ng-star-inserted">Gibraltar</option><option value="GR" class="ng-star-inserted">Greece</option><option value="GL" class="ng-star-inserted">Greenland</option><option value="GD" class="ng-star-inserted">Grenada</option><option value="GP" class="ng-star-inserted">Guadeloupe</option><option value="GU" class="ng-star-inserted">Guam</option><option value="GT" class="ng-star-inserted">Guatemala</option><option value="GG" class="ng-star-inserted">Guernsey</option><option value="GN" class="ng-star-inserted">Guinea</option><option value="GW" class="ng-star-inserted">Guinea-Bissau</option><option value="GY" class="ng-star-inserted">Guyana</option><option value="HT" class="ng-star-inserted">Haiti</option><option value="HM" class="ng-star-inserted">Heard Island and McDonald Islands</option><option value="VA" class="ng-star-inserted">Holy See (the)</option><option value="HN" class="ng-star-inserted">Honduras</option><option value="HK" class="ng-star-inserted">Hong Kong</option><option value="HU" class="ng-star-inserted">Hungary</option><option value="IS" class="ng-star-inserted">Iceland</option><option value="IN" class="ng-star-inserted">India</option><option value="ID" class="ng-star-inserted">Indonesia</option><option value="IR" class="ng-star-inserted">Iran (Islamic Republic of)</option><option value="IQ" class="ng-star-inserted">Iraq</option><option value="IE" class="ng-star-inserted">Ireland</option><option value="IM" class="ng-star-inserted">Isle of Man</option><option value="IL" class="ng-star-inserted">Israel</option><option value="IT" class="ng-star-inserted">Italy</option><option value="JM" class="ng-star-inserted">Jamaica</option><option value="JP" class="ng-star-inserted">Japan</option><option value="JE" class="ng-star-inserted">Jersey</option><option value="JO" class="ng-star-inserted">Jordan</option><option value="KZ" class="ng-star-inserted">Kazakhstan</option><option value="KE" class="ng-star-inserted">Kenya</option><option value="KI" class="ng-star-inserted">Kiribati</option><option value="KP" class="ng-star-inserted">Korea (the Democratic People's Republic of)</option><option value="KR" class="ng-star-inserted">Korea (the Republic of)</option><option value="KW" class="ng-star-inserted">Kuwait</option><option value="KG" class="ng-star-inserted">Kyrgyzstan</option><option value="LA" class="ng-star-inserted">Lao People's Democratic Republic (the)</option><option value="LV" class="ng-star-inserted">Latvia</option><option value="LB" class="ng-star-inserted">Lebanon</option><option value="LS" class="ng-star-inserted">Lesotho</option><option value="LR" class="ng-star-inserted">Liberia</option><option value="LY" class="ng-star-inserted">Libya</option><option value="LI" class="ng-star-inserted">Liechtenstein</option><option value="LT" class="ng-star-inserted">Lithuania</option><option value="LU" class="ng-star-inserted">Luxembourg</option><option value="MO" class="ng-star-inserted">Macao</option><option value="MG" class="ng-star-inserted">Madagascar</option><option value="MW" class="ng-star-inserted">Malawi</option><option value="MY" class="ng-star-inserted">Malaysia</option><option value="MV" class="ng-star-inserted">Maldives</option><option value="ML" class="ng-star-inserted">Mali</option><option value="MT" class="ng-star-inserted">Malta</option><option value="MH" class="ng-star-inserted">Marshall Islands (the)</option><option value="MQ" class="ng-star-inserted">Martinique</option><option value="MR" class="ng-star-inserted">Mauritania</option><option value="MU" class="ng-star-inserted">Mauritius</option><option value="YT" class="ng-star-inserted">Mayotte</option><option value="MX" class="ng-star-inserted">Mexico</option><option value="FM" class="ng-star-inserted">Micronesia (Federated States of)</option><option value="MD" class="ng-star-inserted">Moldova (the Republic of)</option><option value="MC" class="ng-star-inserted">Monaco</option><option value="MN" class="ng-star-inserted">Mongolia</option><option value="ME" class="ng-star-inserted">Montenegro</option><option value="MS" class="ng-star-inserted">Montserrat</option><option value="MA" class="ng-star-inserted">Morocco</option><option value="MZ" class="ng-star-inserted">Mozambique</option><option value="MM" class="ng-star-inserted">Myanmar</option><option value="NA" class="ng-star-inserted">Namibia</option><option value="NR" class="ng-star-inserted">Nauru</option><option value="NP" class="ng-star-inserted">Nepal</option><option value="NL" class="ng-star-inserted">Netherlands (the)</option><option value="NC" class="ng-star-inserted">New Caledonia</option><option value="NZ" class="ng-star-inserted">New Zealand</option><option value="NI" class="ng-star-inserted">Nicaragua</option><option value="NE" class="ng-star-inserted">Niger (the)</option><option value="NG" class="ng-star-inserted">Nigeria</option><option value="NU" class="ng-star-inserted">Niue</option><option value="NF" class="ng-star-inserted">Norfolk Island</option><option value="MP" class="ng-star-inserted">Northern Mariana Islands (the)</option><option value="NO" class="ng-star-inserted">Norway</option><option value="OM" class="ng-star-inserted">Oman</option><option value="PK" class="ng-star-inserted">Pakistan</option><option value="PW" class="ng-star-inserted">Palau</option><option value="PS" class="ng-star-inserted">Palestine, State of</option><option value="PA" class="ng-star-inserted">Panama</option><option value="PG" class="ng-star-inserted">Papua New Guinea</option><option value="PY" class="ng-star-inserted">Paraguay</option><option value="PE" class="ng-star-inserted">Peru</option><option value="PH" class="ng-star-inserted">Philippines (the)</option><option value="PN" class="ng-star-inserted">Pitcairn</option><option value="PL" class="ng-star-inserted">Poland</option><option value="PT" class="ng-star-inserted">Portugal</option><option value="PR" class="ng-star-inserted">Puerto Rico</option><option value="QA" class="ng-star-inserted">Qatar</option><option value="MK" class="ng-star-inserted">Republic of North Macedonia</option><option value="RO" class="ng-star-inserted">Romania</option><option value="RU" class="ng-star-inserted">Russian Federation (the)</option><option value="RW" class="ng-star-inserted">Rwanda</option><option value="RE" class="ng-star-inserted">Réunion</option><option value="BL" class="ng-star-inserted">Saint Barthélemy</option><option value="SH" class="ng-star-inserted">Saint Helena, Ascension and Tristan da Cunha</option><option value="KN" class="ng-star-inserted">Saint Kitts and Nevis</option><option value="LC" class="ng-star-inserted">Saint Lucia</option><option value="MF" class="ng-star-inserted">Saint Martin (French part)</option><option value="PM" class="ng-star-inserted">Saint Pierre and Miquelon</option><option value="VC" class="ng-star-inserted">Saint Vincent and the Grenadines</option><option value="WS" class="ng-star-inserted">Samoa</option><option value="SM" class="ng-star-inserted">San Marino</option><option value="ST" class="ng-star-inserted">Sao Tome and Principe</option><option value="SA" class="ng-star-inserted">Saudi Arabia</option><option value="SN" class="ng-star-inserted">Senegal</option><option value="RS" class="ng-star-inserted">Serbia</option><option value="SC" class="ng-star-inserted">Seychelles</option><option value="SL" class="ng-star-inserted">Sierra Leone</option><option value="SG" class="ng-star-inserted">Singapore</option><option value="SX" class="ng-star-inserted">Sint Maarten (Dutch part)</option><option value="SK" class="ng-star-inserted">Slovakia</option><option value="SI" class="ng-star-inserted">Slovenia</option><option value="SB" class="ng-star-inserted">Solomon Islands</option><option value="SO" class="ng-star-inserted">Somalia</option><option value="ZA" class="ng-star-inserted">South Africa</option><option value="GS" class="ng-star-inserted">South Georgia and the South Sandwich Islands</option><option value="SS" class="ng-star-inserted">South Sudan</option><option value="ES" class="ng-star-inserted">Spain</option><option value="LK" class="ng-star-inserted">Sri Lanka</option><option value="SD" class="ng-star-inserted">Sudan (the)</option><option value="SR" class="ng-star-inserted">Suriname</option><option value="SJ" class="ng-star-inserted">Svalbard and Jan Mayen</option><option value="SE" class="ng-star-inserted">Sweden</option><option value="CH" class="ng-star-inserted">Switzerland</option><option value="SY" class="ng-star-inserted">Syrian Arab Republic</option><option value="TW" class="ng-star-inserted">Taiwan (Province of China)</option><option value="TJ" class="ng-star-inserted">Tajikistan</option><option value="TZ" class="ng-star-inserted">Tanzania, United Republic of</option><option value="TH" class="ng-star-inserted">Thailand</option><option value="TL" class="ng-star-inserted">Timor-Leste</option><option value="TG" class="ng-star-inserted">Togo</option><option value="TK" class="ng-star-inserted">Tokelau</option><option value="TO" class="ng-star-inserted">Tonga</option><option value="TT" class="ng-star-inserted">Trinidad and Tobago</option><option value="TN" class="ng-star-inserted">Tunisia</option><option value="TR" class="ng-star-inserted">Turkey</option><option value="TM" class="ng-star-inserted">Turkmenistan</option><option value="TC" class="ng-star-inserted">Turks and Caicos Islands (the)</option><option value="TV" class="ng-star-inserted">Tuvalu</option><option value="UG" class="ng-star-inserted">Uganda</option><option value="UA" class="ng-star-inserted">Ukraine</option><option value="AE" class="ng-star-inserted">United Arab Emirates (the)</option><option value="GB" class="ng-star-inserted">United Kingdom of Great Britain and Northern Ireland (the)</option><option value="UM" class="ng-star-inserted">United States Minor Outlying Islands (the)</option><option value="US" class="ng-star-inserted">United States of America (the)</option><option value="UY" class="ng-star-inserted">Uruguay</option><option value="UZ" class="ng-star-inserted">Uzbekistan</option><option value="VU" class="ng-star-inserted">Vanuatu</option><option value="VE" class="ng-star-inserted">Venezuela (Bolivarian Republic of)</option><option value="VN" class="ng-star-inserted">Viet Nam</option><option value="VG" class="ng-star-inserted">Virgin Islands (British)</option><option value="VI" class="ng-star-inserted">Virgin Islands (U.S.)</option><option value="WF" class="ng-star-inserted">Wallis and Futuna</option><option value="EH" class="ng-star-inserted">Western Sahara</option><option value="YE" class="ng-star-inserted">Yemen</option><option value="ZM" class="ng-star-inserted">Zambia</option><option value="ZW" class="ng-star-inserted">Zimbabwe</option><!----></select></div><small data-test="postcode-lookup-hint" class="text-muted d-block mb-2"> Enter country, postal code and house number. We will fill in the rest automatically. </small><div class="row"><div class="col-md-6 mb-3"><label for="postal_code" class="form-label">Postal code</label><input formcontrolname="postal_code" data-test="postal_code" id="postal_code" type="text" class="form-control ng-untouched ng-pristine ng-invalid" placeholder="Your Postcode *"></div><div class="col-md-6 mb-3"><label for="house_number" class="form-label">House number</label><input formcontrolname="house_number" data-test="house_number" id="house_number" type="text" class="form-control ng-untouched ng-pristine ng-invalid" placeholder="e.g. 42 *"></div></div><!----><!----><div class="mb-3"><label for="street" class="form-label">Street</label><input formcontrolname="street" data-test="street" id="street" type="text" class="form-control ng-untouched ng-pristine ng-invalid" placeholder="Your Street *"></div><div class="mb-3"><label for="city" class="form-label">City</label><input formcontrolname="city" data-test="city" id="city" type="text" class="form-control ng-untouched ng-pristine ng-invalid" placeholder="Your City *"></div><div class="mb-3"><label for="state" class="form-label">State</label><input formcontrolname="state" data-test="state" id="state" type="text" class="form-control ng-untouched ng-pristine ng-invalid" placeholder="State *"></div></div></form><div class="float-end"><button data-test="proceed-3" type="button" awnextstep="" class="btn btn-success" disabled="">Proceed to checkout </button></div></div></div></div><!----></app-address></aw-wizard-step><aw-wizard-completion-step hidden=""><app-payment><div class="container ng-star-inserted"><div class="row"><!----><div class="col-md-6 offset-md-3 login-form-1 ng-star-inserted"><h3>Payment</h3><form novalidate="" class="ng-untouched ng-pristine ng-invalid"><div class="input-group mb-3"><label for="payment-method" class="visually-hidden">Payment Method</label><select data-test="payment-method" id="payment-method" formcontrolname="payment_method" class="form-select ng-untouched ng-pristine ng-invalid"><option value="" disabled="">Choose your payment method</option><option value="bank-transfer">Bank Transfer</option><option value="cash-on-delivery">Cash on Delivery</option><option value="credit-card">Credit Card</option><option value="buy-now-pay-later">Buy Now Pay Later</option><option value="gift-card">Gift Card</option></select></div><!----><!----><!----><!----><!----><!----><!----></form><div class="float-end"><button data-test="finish" type="button" class="btn btn-success" disabled=""> Confirm </button></div></div><!----></div></div><!----></app-payment></aw-wizard-completion-step></div><!----></aw-wizard><!---->
CURRENT HTML:
<html lang="en" data-beasties-container=""><head *transloco="let t">
  <meta charset="utf-8">
  <title>Checkout - Practice Software Testing - Toolshop - v5.0</title>
  <base href="/">
  <meta name="viewport" content="width=device-width, initial-scale=1">
  <style type="text/css" id="fa-auto-css">:root, :host {
  --fa-font-solid: normal 900 1em/1 "Font Awesome 6 Free";
  --fa-font-regular: normal 400 1em/1 "Font Awesome 6 Free";
  --fa-font-light: normal 300 1em/1 "Font Awesome 6 Pro";
  --fa-font-thin: normal 100 1em/1 "Font Awesome 6 Pro";
  --fa-font-duotone: normal 900 1em/1 "Font Awesome 6 Duotone";
  --fa-font-duotone-regular: normal 400 1em/1 "Font Awesome 6 Duotone";
  --fa-font-duotone-light: normal 300 1em/1 "Font Awesome 6 Duotone";
  --fa-font-duotone-thin: normal 100 1em/1 "Font Awesome 6 Duotone";
  --fa-font-brands: normal 400 1em/1 "Font Awesome 6 Brands";
  --fa-font-sharp-solid: normal 900 1em/1 "Font Awesome 6 Sharp";
  --fa-font-sharp-regular: normal 400 1em/1 "Font Awesome 6 Sharp";
  --fa-font-sharp-light: normal 300 1em/1 "Font Awesome 6 Sharp";
  --fa-font-sharp-thin: normal 100 1em/1 "Font Awesome 6 Sharp";
  --fa-font-sharp-duotone-solid: normal 900 1em/1 "Font Awesome 6 Sharp Duotone";
  --fa-font-sharp-duotone-regular: normal 400 1em/1 "Font Awesome 6 Sharp Duotone";
  --fa-font-sharp-duotone-light: normal 300 1em/1 "Font Awesome 6 Sharp Duotone";
  --fa-font-sharp-duotone-thin: normal 100 1em/1 "Font Awesome 6 Sharp Duotone";
}

svg:not(:root).svg-inline--fa, svg:not(:host).svg-inline--fa {
  overflow: visible;
  box-sizing: content-box;
}

.svg-inline--fa {
  display: var(--fa-display, inline-block);
  height: 1em;
  overflow: visible;
  vertical-align: -0.125em;
}
.svg-inline--fa.fa-2xs {
  vertical-align: 0.1em;
}
.svg-inline--fa.fa-xs {
  vertical-align: 0em;
}
.svg-inline--fa.fa-sm {
  vertical-align: -0.0714285705em;
}
.svg-inline--fa.fa-lg {
  vertical-align: -0.2em;
}
.svg-inline--fa.fa-xl {
  vertical-align: -0.25em;
}
.svg-inline--fa.fa-2xl {
  vertical-align: -0.3125em;
}
.svg-inline--fa.fa-pull-left {
  margin-right: var(--fa-pull-margin, 0.3em);
  width: auto;
}
.svg-inline--fa.fa-pull-right {
  margin-left: var(--fa-pull-margin, 0.3em);
  width: auto;
}
.svg-inline--fa.fa-li {
  width: var(--fa-li-width, 2em);
  top: 0.25em;
}
.svg-inline--fa.fa-fw {
  width: var(--fa-fw-width, 1.25em);
}

.fa-layers svg.svg-inline--fa {
  bottom: 0;
  left: 0;
  margin: auto;
  position: absolute;
  right: 0;
  top: 0;
}

.fa-layers-counter, .fa-layers-text {
  display: inline-block;
  position: absolute;
  text-align: center;
}

.fa-layers {
  display: inline-block;
  height: 1em;
  position: relative;
  text-align: center;
  vertical-align: -0.125em;
  width: 1em;
}
.fa-layers svg.svg-inline--fa {
  transform-origin: center center;
}

.fa-layers-text {
  left: 50%;
  top: 50%;
  transform: translate(-50%, -50%);
  transform-origin: center center;
}

.fa-layers-counter {
  background-color: var(--fa-counter-background-color, #ff253a);
  border-radius: var(--fa-counter-border-radius, 1em);
  box-sizing: border-box;
  color: var(--fa-inverse, #fff);
  line-height: var(--fa-counter-line-height, 1);
  max-width: var(--fa-counter-max-width, 5em);
  min-width: var(--fa-counter-min-width, 1.5em);
  overflow: hidden;
  padding: var(--fa-counter-padding, 0.25em 0.5em);
  right: var(--fa-right, 0);
  text-overflow: ellipsis;
  top: var(--fa-top, 0);
  transform: scale(var(--fa-counter-scale, 0.25));
  transform-origin: top right;
}

.fa-layers-bottom-right {
  bottom: var(--fa-bottom, 0);
  right: var(--fa-right, 0);
  top: auto;
  transform: scale(var(--fa-layers-scale, 0.25));
  transform-origin: bottom right;
}

.fa-layers-bottom-left {
  bottom: var(--fa-bottom, 0);
  left: var(--fa-left, 0);
  right: auto;
  top: auto;
  transform: scale(var(--fa-layers-scale, 0.25));
  transform-origin: bottom left;
}

.fa-layers-top-right {
  top: var(--fa-top, 0);
  right: var(--fa-right, 0);
  transform: scale(var(--fa-layers-scale, 0.25));
  transform-origin: top right;
}

.fa-layers-top-left {
  left: var(--fa-left, 0);
  right: auto;
  top: var(--fa-top, 0);
  transform: scale(var(--fa-layers-scale, 0.25));
  transform-origin: top left;
}

.fa-1x {
  font-size: 1em;
}

.fa-2x {
  font-size: 2em;
}

.fa-3x {
  font-size: 3em;
}

.fa-4x {
  font-size: 4em;
}

.fa-5x {
  font-size: 5em;
}

.fa-6x {
  font-size: 6em;
}

.fa-7x {
  font-size: 7em;
}

.fa-8x {
  font-size: 8em;
}

.fa-9x {
  font-size: 9em;
}

.fa-10x {
  font-size: 10em;
}

.fa-2xs {
  font-size: 0.625em;
  line-height: 0.1em;
  vertical-align: 0.225em;
}

.fa-xs {
  font-size: 0.75em;
  line-height: 0.0833333337em;
  vertical-align: 0.125em;
}

.fa-sm {
  font-size: 0.875em;
  line-height: 0.0714285718em;
  vertical-align: 0.0535714295em;
}

.fa-lg {
  font-size: 1.25em;
  line-height: 0.05em;
  vertical-align: -0.075em;
}

.fa-xl {
  font-size: 1.5em;
  line-height: 0.0416666682em;
  vertical-align: -0.125em;
}

.fa-2xl {
  font-size: 2em;
  line-height: 0.03125em;
  vertical-align: -0.1875em;
}

.fa-fw {
  text-align: center;
  width: 1.25em;
}

.fa-ul {
  list-style-type: none;
  margin-left: var(--fa-li-margin, 2.5em);
  padding-left: 0;
}
.fa-ul > li {
  position: relative;
}

.fa-li {
  left: calc(-1 * var(--fa-li-width, 2em));
  position: absolute;
  text-align: center;
  width: var(--fa-li-width, 2em);
  line-height: inherit;
}

.fa-border {
  border-color: var(--fa-border-color, #eee);
  border-radius: var(--fa-border-radius, 0.1em);
  border-style: var(--fa-border-style, solid);
  border-width: var(--fa-border-width, 0.08em);
  padding: var(--fa-border-padding, 0.2em 0.25em 0.15em);
}

.fa-pull-left {
  float: left;
  margin-right: var(--fa-pull-margin, 0.3em);
}

.fa-pull-right {
  float: right;
  margin-left: var(--fa-pull-margin, 0.3em);
}

.fa-beat {
  animation-name: fa-beat;
  animation-delay: var(--fa-animation-delay, 0s);
  animation-direction: var(--fa-animation-direction, normal);
  animation-duration: var(--fa-animation-duration, 1s);
  animation-iteration-count: var(--fa-animation-iteration-count, infinite);
  animation-timing-function: var(--fa-animation-timing, ease-in-out);
}

.fa-bounce {
  animation-name: fa-bounce;
  animation-delay: var(--fa-animation-delay, 0s);
  animation-direction: var(--fa-animation-direction, normal);
  animation-duration: var(--fa-animation-duration, 1s);
  animation-iteration-count: var(--fa-animation-iteration-count, infinite);
  animation-timing-function: var(--fa-animation-timing, cubic-bezier(0.28, 0.84, 0.42, 1));
}

.fa-fade {
  animation-name: fa-fade;
  animation-delay: var(--fa-animation-delay, 0s);
  animation-direction: var(--fa-animation-direction, normal);
  animation-duration: var(--fa-animation-duration, 1s);
  animation-iteration-count: var(--fa-animation-iteration-count, infinite);
  animation-timing-function: var(--fa-animation-timing, cubic-bezier(0.4, 0, 0.6, 1));
}

.fa-beat-fade {
  animation-name: fa-beat-fade;
  animation-delay: var(--fa-animation-delay, 0s);
  animation-direction: var(--fa-animation-direction, normal);
  animation-duration: var(--fa-animation-duration, 1s);
  animation-iteration-count: var(--fa-animation-iteration-count, infinite);
  animation-timing-function: var(--fa-animation-timing, cubic-bezier(0.4, 0, 0.6, 1));
}

.fa-flip {
  animation-name: fa-flip;
  animation-delay: var(--fa-animation-delay, 0s);
  animation-direction: var(--fa-animation-direction, normal);
  animation-duration: var(--fa-animation-duration, 1s);
  animation-iteration-count: var(--fa-animation-iteration-count, infinite);
  animation-timing-function: var(--fa-animation-timing, ease-in-out);
}

.fa-shake {
  animation-name: fa-shake;
  animation-delay: var(--fa-animation-delay, 0s);
  animation-direction: var(--fa-animation-direction, normal);
  animation-duration: var(--fa-animation-duration, 1s);
  animation-iteration-count: var(--fa-animation-iteration-count, infinite);
  animation-timing-function: var(--fa-animation-timing, linear);
}

.fa-spin {
  animation-name: fa-spin;
  animation-delay: var(--fa-animation-delay, 0s);
  animation-direction: var(--fa-animation-direction, normal);
  animation-duration: var(--fa-animation-duration, 2s);
  animation-iteration-count: var(--fa-animation-iteration-count, infinite);
  animation-timing-function: var(--fa-animation-timing, linear);
}

.fa-spin-reverse {
  --fa-animation-direction: reverse;
}

.fa-pulse,
.fa-spin-pulse {
  animation-name: fa-spin;
  animation-direction: var(--fa-animation-direction, normal);
  animation-duration: var(--fa-animation-duration, 1s);
  animation-iteration-count: var(--fa-animation-iteration-count, infinite);
  animation-timing-function: var(--fa-animation-timing, steps(8));
}

@media (prefers-reduced-motion: reduce) {
  .fa-beat,
.fa-bounce,
.fa-fade,
.fa-beat-fade,
.fa-flip,
.fa-pulse,
.fa-shake,
.fa-spin,
.fa-spin-pulse {
    animation-delay: -1ms;
    animation-duration: 1ms;
    animation-iteration-count: 1;
    transition-delay: 0s;
    transition-duration: 0s;
  }
}
@keyframes fa-beat {
  0%, 90% {
    transform: scale(1);
  }
  45% {
    transform: scale(var(--fa-beat-scale, 1.25));
  }
}
@keyframes fa-bounce {
  0% {
    transform: scale(1, 1) translateY(0);
  }
  10% {
    transform: scale(var(--fa-bounce-start-scale-x, 1.1), var(--fa-bounce-start-scale-y, 0.9)) translateY(0);
  }
  30% {
    transform: scale(var(--fa-bounce-jump-scale-x, 0.9), var(--fa-bounce-jump-scale-y, 1.1)) translateY(var(--fa-bounce-height, -0.5em));
  }
  50% {
    transform: scale(var(--fa-bounce-land-scale-x, 1.05), var(--fa-bounce-land-scale-y, 0.95)) translateY(0);
  }
  57% {
    transform: scale(1, 1) translateY(var(--fa-bounce-rebound, -0.125em));
  }
  64% {
    transform: scale(1, 1) translateY(0);
  }
  100% {
    transform: scale(1, 1) translateY(0);
  }
}
@keyframes fa-fade {
  50% {
    opacity: var(--fa-fade-opacity, 0.4);
  }
}
@keyframes fa-beat-fade {
  0%, 100% {
    opacity: var(--fa-beat-fade-opacity, 0.4);
    transform: scale(1);
  }
  50% {
    opacity: 1;
    transform: scale(var(--fa-beat-fade-scale, 1.125));
  }
}
@keyframes fa-flip {
  50% {
    transform: rotate3d(var(--fa-flip-x, 0), var(--fa-flip-y, 1), var(--fa-flip-z, 0), var(--fa-flip-angle, -180deg));
  }
}
@keyframes fa-shake {
  0% {
    transform: rotate(-15deg);
  }
  4% {
    transform: rotate(15deg);
  }
  8%, 24% {
    transform: rotate(-18deg);
  }
  12%, 28% {
    transform: rotate(18deg);
  }
  16% {
    transform: rotate(-22deg);
  }
  20% {
    transform: rotate(22deg);
  }
  32% {
    transform: rotate(-12deg);
  }
  36% {
    transform: rotate(12deg);
  }
  40%, 100% {
    transform: rotate(0deg);
  }
}
@keyframes fa-spin {
  0% {
    transform: rotate(0deg);
  }
  100% {
    transform: rotate(360deg);
  }
}
.fa-rotate-90 {
  transform: rotate(90deg);
}

.fa-rotate-180 {
  transform: rotate(180deg);
}

.fa-rotate-270 {
  transform: rotate(270deg);
}

.fa-flip-horizontal {
  transform: scale(-1, 1);
}

.fa-flip-vertical {
  transform: scale(1, -1);
}

.fa-flip-both,
.fa-flip-horizontal.fa-flip-vertical {
  transform: scale(-1, -1);
}

.fa-rotate-by {
  transform: rotate(var(--fa-rotate-angle, 0));
}

.fa-stack {
  display: inline-block;
  vertical-align: middle;
  height: 2em;
  position: relative;
  width: 2.5em;
}

.fa-stack-1x,
.fa-stack-2x {
  bottom: 0;
  left: 0;
  margin: auto;
  position: absolute;
  right: 0;
  top: 0;
  z-index: var(--fa-stack-z-index, auto);
}

.svg-inline--fa.fa-stack-1x {
  height: 1em;
  width: 1.25em;
}
.svg-inline--fa.fa-stack-2x {
  height: 2em;
  width: 2.5em;
}

.fa-inverse {
  color: var(--fa-inverse, #fff);
}

.sr-only,
.fa-sr-only {
  position: absolute;
  width: 1px;
  height: 1px;
  padding: 0;
  margin: -1px;
  overflow: hidden;
  clip: rect(0, 0, 0, 0);
  white-space: nowrap;
  border-width: 0;
}

.sr-only-focusable:not(:focus),
.fa-sr-only-focusable:not(:focus) {
  position: absolute;
  width: 1px;
  height: 1px;
  padding: 0;
  margin: -1px;
  overflow: hidden;
  clip: rect(0, 0, 0, 0);
  white-space: nowrap;
  border-width: 0;
}

.svg-inline--fa .fa-primary {
  fill: var(--fa-primary-color, currentColor);
  opacity: var(--fa-primary-opacity, 1);
}

.svg-inline--fa .fa-secondary {
  fill: var(--fa-secondary-color, currentColor);
  opacity: var(--fa-secondary-opacity, 0.4);
}

.svg-inline--fa.fa-swap-opacity .fa-primary {
  opacity: var(--fa-secondary-opacity, 0.4);
}

.svg-inline--fa.fa-swap-opacity .fa-secondary {
  opacity: var(--fa-primary-opacity, 1);
}

.svg-inline--fa mask .fa-primary,
.svg-inline--fa mask .fa-secondary {
  fill: black;
}</style><link rel="preload" as="image" href="../assets/img/barn-2400x1600.avif" fetchpriority="high">
  <link rel="icon" type="image/x-icon" href="favicon.ico">
  <link rel="apple-touch-icon" sizes="180x180" href="apple-touch-icon.png">
  <link rel="icon" type="image/png" sizes="32x32" href="favicon-32x32.png">
  <link rel="icon" type="image/png" sizes="16x16" href="favicon-16x16.png">
  <meta property="og:title" content="Practice Software Testing">
  <meta property="og:image" content="https://practicesoftwaretesting.com/assets/img/barn-2400x1600.avif">
  <meta property="og:description" content="Modern application used to learn software testing or test automation.">
  <meta property="og:url" content="//www.practicesoftwaretesting.com">
  <link rel="mask-icon" href="safari-pinned-tab.svg" color="#5bbad5">
  <meta name="msapplication-TileColor" content="#da532c">
  <meta name="theme-color" content="#ffffff">
<style>:root{--bs-blue:#0d6efd;--bs-indigo:#6610f2;--bs-purple:#6f42c1;--bs-pink:#d63384;--bs-red:#dc3545;--bs-orange:#fd7e14;--bs-yellow:#ffc107;--bs-green:#198754;--bs-teal:#20c997;--bs-cyan:#0dcaf0;--bs-black:#000;--bs-white:#fff;--bs-gray:#6c757d;--bs-gray-dark:#343a40;--bs-gray-100:#f8f9fa;--bs-gray-200:#e9ecef;--bs-gray-300:#dee2e6;--bs-gray-400:#ced4da;--bs-gray-500:#adb5bd;--bs-gray-600:#6c757d;--bs-gray-700:#495057;--bs-gray-800:#343a40;--bs-gray-900:#212529;--bs-primary:#0d6efd;--bs-secondary:#6c757d;--bs-success:#198754;--bs-info:#0dcaf0;--bs-warning:#ffc107;--bs-danger:#dc3545;--bs-light:#f8f9fa;--bs-dark:#212529;--bs-primary-rgb:13,110,253;--bs-secondary-rgb:108,117,125;--bs-success-rgb:25,135,84;--bs-info-rgb:13,202,240;--bs-warning-rgb:255,193,7;--bs-danger-rgb:220,53,69;--bs-light-rgb:248,249,250;--bs-dark-rgb:33,37,41;--bs-primary-text-emphasis:#052c65;--bs-secondary-text-emphasis:#2b2f32;--bs-success-text-emphasis:#0a3622;--bs-info-text-emphasis:#055160;--bs-warning-text-emphasis:#664d03;--bs-danger-text-emphasis:#58151c;--bs-light-text-emphasis:#495057;--bs-dark-text-emphasis:#495057;--bs-primary-bg-subtle:#cfe2ff;--bs-secondary-bg-subtle:#e2e3e5;--bs-success-bg-subtle:#d1e7dd;--bs-info-bg-subtle:#cff4fc;--bs-warning-bg-subtle:#fff3cd;--bs-danger-bg-subtle:#f8d7da;--bs-light-bg-subtle:#fcfcfd;--bs-dark-bg-subtle:#ced4da;--bs-primary-border-subtle:#9ec5fe;--bs-secondary-border-subtle:#c4c8cb;--bs-success-border-subtle:#a3cfbb;--bs-info-border-subtle:#9eeaf9;--bs-warning-border-subtle:#ffe69c;--bs-danger-border-subtle:#f1aeb5;--bs-light-border-subtle:#e9ecef;--bs-dark-border-subtle:#adb5bd;--bs-white-rgb:255,255,255;--bs-black-rgb:0,0,0;--bs-font-sans-serif:system-ui,-apple-system,"Segoe UI",Roboto,"Helvetica Neue","Noto Sans","Liberation Sans",Arial,sans-serif,"Apple Color Emoji","Segoe UI Emoji","Segoe UI Symbol","Noto Color Emoji";--bs-font-monospace:SFMono-Regular,Menlo,Monaco,Consolas,"Liberation Mono","Courier New",monospace;--bs-gradient:linear-gradient(180deg, rgba(255, 255, 255, .15), rgba(255, 255, 255, 0));--bs-body-font-family:var(--bs-font-sans-serif);--bs-body-font-size:1rem;--bs-body-font-weight:400;--bs-body-line-height:1.5;--bs-body-color:#212529;--bs-body-color-rgb:33,37,41;--bs-body-bg:#fff;--bs-body-bg-rgb:255,255,255;--bs-emphasis-color:#000;--bs-emphasis-color-rgb:0,0,0;--bs-secondary-color:rgba(33, 37, 41, .75);--bs-secondary-color-rgb:33,37,41;--bs-secondary-bg:#e9ecef;--bs-secondary-bg-rgb:233,236,239;--bs-tertiary-color:rgba(33, 37, 41, .5);--bs-tertiary-color-rgb:33,37,41;--bs-tertiary-bg:#f8f9fa;--bs-tertiary-bg-rgb:248,249,250;--bs-heading-color:inherit;--bs-link-color:#0d6efd;--bs-link-color-rgb:13,110,253;--bs-link-decoration:underline;--bs-link-hover-color:#0a58ca;--bs-link-hover-color-rgb:10,88,202;--bs-code-color:#d63384;--bs-highlight-color:#212529;--bs-highlight-bg:#fff3cd;--bs-border-width:1px;--bs-border-style:solid;--bs-border-color:#dee2e6;--bs-border-color-translucent:rgba(0, 0, 0, .175);--bs-border-radius:.375rem;--bs-border-radius-sm:.25rem;--bs-border-radius-lg:.5rem;--bs-border-radius-xl:1rem;--bs-border-radius-xxl:2rem;--bs-border-radius-2xl:var(--bs-border-radius-xxl);--bs-border-radius-pill:50rem;--bs-box-shadow:0 .5rem 1rem rgba(0, 0, 0, .15);--bs-box-shadow-sm:0 .125rem .25rem rgba(0, 0, 0, .075);--bs-box-shadow-lg:0 1rem 3rem rgba(0, 0, 0, .175);--bs-box-shadow-inset:inset 0 1px 2px rgba(0, 0, 0, .075);--bs-focus-ring-width:.25rem;--bs-focus-ring-opacity:.25;--bs-focus-ring-color:rgba(13, 110, 253, .25);--bs-form-valid-color:#198754;--bs-form-valid-border-color:#198754;--bs-form-invalid-color:#dc3545;--bs-form-invalid-border-color:#dc3545}*,:after,:before{box-sizing:border-box}@media (prefers-reduced-motion:no-preference){:root{scroll-behavior:smooth}}body{margin:0;font-family:var(--bs-body-font-family);font-size:var(--bs-body-font-size);font-weight:var(--bs-body-font-weight);line-height:var(--bs-body-line-height);color:var(--bs-body-color);text-align:var(--bs-body-text-align);background-color:var(--bs-body-bg);-webkit-text-size-adjust:100%;-webkit-tap-highlight-color:transparent}:root{--bs-breakpoint-xs:0;--bs-breakpoint-sm:576px;--bs-breakpoint-md:768px;--bs-breakpoint-lg:992px;--bs-breakpoint-xl:1200px;--bs-breakpoint-xxl:1400px}:root{--bs-btn-close-filter: }:root{--bs-carousel-indicator-active-bg:#fff;--bs-carousel-caption-color:#fff;--bs-carousel-control-icon-filter: }html,body{height:100%;scroll-behavior:inherit!important}</style><link rel="stylesheet" href="styles-NGJBEA5C.css" media="all" onload="this.media='all'"><noscript><link rel="stylesheet" href="styles-NGJBEA5C.css"></noscript><style>.btn-link-style[_ngcontent-ng-c2913155081]{background:none;border:none;text-decoration:none;text-align:inherit;padding-left:.5rem;padding-right:.5rem}.btn-link-style[_ngcontent-ng-c2913155081]:focus{outline:2px solid #1E6098;outline-offset:2px}.st0[_ngcontent-ng-c2913155081]{fill:#8dc12f}.st1[_ngcontent-ng-c2913155081]{fill:#fff}.st2[_ngcontent-ng-c2913155081]{fill:#9dc83d}.st3[_ngcontent-ng-c2913155081]{fill:#1d6098}.st4[_ngcontent-ng-c2913155081]{fill:#5a585d}.gear[_ngcontent-ng-c2913155081]{transform-origin:50% 50%;transform-box:fill-box;-webkit-animation:_ngcontent-ng-c2913155081_frames 10s infinite linear;animation:_ngcontent-ng-c2913155081_frames 10s infinite linear}@keyframes _ngcontent-ng-c2913155081_frames{0%{-webkit-transform:rotate(0deg);transform:rotate(0)}to{-webkit-transform:rotate(359deg);transform:rotate(359deg)}}.badge[_ngcontent-ng-c2913155081]{padding-left:9px;padding-right:9px;-webkit-border-radius:9px;-moz-border-radius:9px;border-radius:9px}.label-warning[href][_ngcontent-ng-c2913155081], .badge-warning[href][_ngcontent-ng-c2913155081]{background-color:#c67605}#lblCartCount[_ngcontent-ng-c2913155081]{font-size:10px;color:#fff;vertical-align:top;margin-left:-10px;margin-top:-5px}.dropdown-menu[_ngcontent-ng-c2913155081]   li[_ngcontent-ng-c2913155081]{position:relative}.dropdown-menu[_ngcontent-ng-c2913155081]   .dropdown-submenu[_ngcontent-ng-c2913155081]{display:none;position:absolute;right:100%;top:-7px}.dropdown-menu[_ngcontent-ng-c2913155081] > li[_ngcontent-ng-c2913155081]:hover > .dropdown-submenu[_ngcontent-ng-c2913155081]{display:block}.accordion[_ngcontent-ng-c2913155081] > ul[_ngcontent-ng-c2913155081]{display:none}.accordion[_ngcontent-ng-c2913155081]:hover   ul[_ngcontent-ng-c2913155081]{display:block}.reports.nav-item.dropdown[_ngcontent-ng-c2913155081]:hover   .dropdown-menu[_ngcontent-ng-c2913155081]{display:block;right:100%;left:auto;margin-top:-25px}.testing-notification-bar[_ngcontent-ng-c2913155081]{background:linear-gradient(90deg,#205d96,#1a4f7f);color:#fff;padding:10px 0;text-align:center;font-size:14px;box-shadow:0 2px 4px #0000001a}.testing-notification-bar[_ngcontent-ng-c2913155081]   .container[_ngcontent-ng-c2913155081]{display:flex;justify-content:center;align-items:center;gap:15px}.testing-notification-bar[_ngcontent-ng-c2913155081]   span[_ngcontent-ng-c2913155081]{font-weight:500}.testing-guide-btn[_ngcontent-ng-c2913155081]{background:#fff;color:#205d96;border:none;padding:6px 16px;border-radius:20px;font-size:13px;font-weight:600;cursor:pointer;transition:all .3s ease}.testing-guide-btn[_ngcontent-ng-c2913155081]:hover{background:#f0f0f0;transform:translateY(-1px);box-shadow:0 2px 6px #00000026}.bug-hunting-btn[_ngcontent-ng-c2913155081]{background:#dc3545;color:#fff;border:none;padding:6px 16px;border-radius:20px;font-size:13px;font-weight:600;cursor:pointer;transition:all .3s ease}.bug-hunting-btn[_ngcontent-ng-c2913155081]:hover{background:#c82333;transform:translateY(-1px);box-shadow:0 2px 6px #00000026}</style><style>.chat-widget[_ngcontent-ng-c208528153]{position:fixed;bottom:20px;right:20px;z-index:9999;font-family:-apple-system,BlinkMacSystemFont,Segoe UI,Roboto,Oxygen,Ubuntu,sans-serif}.chat-toggle-btn[_ngcontent-ng-c208528153]{width:56px;height:56px;border-radius:50%;background-color:#1e6098;border:none;cursor:pointer;display:flex;align-items:center;justify-content:center;color:#fff;box-shadow:0 4px 12px #1e609866;transition:transform .2s ease,box-shadow .2s ease}.chat-toggle-btn[_ngcontent-ng-c208528153]:hover{transform:scale(1.05);box-shadow:0 6px 16px #1e609880}.chat-toggle-btn[_ngcontent-ng-c208528153]:active{transform:scale(.95)}.chat-window[_ngcontent-ng-c208528153]{width:360px;height:500px;background:#fff;border-radius:12px;box-shadow:0 8px 32px #00000026;display:flex;flex-direction:column;overflow:hidden;animation:_ngcontent-ng-c208528153_slideUp .3s ease}@keyframes _ngcontent-ng-c208528153_slideUp{0%{opacity:0;transform:translateY(20px)}to{opacity:1;transform:translateY(0)}}.chat-header[_ngcontent-ng-c208528153]{background-color:#1e6098;color:#fff;padding:16px;display:flex;justify-content:space-between;align-items:center}.chat-title[_ngcontent-ng-c208528153]{font-weight:600;font-size:16px}.chat-close-btn[_ngcontent-ng-c208528153]{background:none;border:none;color:#fff;cursor:pointer;padding:4px;display:flex;align-items:center;justify-content:center;opacity:.8;transition:opacity .2s ease}.chat-close-btn[_ngcontent-ng-c208528153]:hover{opacity:1}.chat-messages[_ngcontent-ng-c208528153]{flex:1;overflow-y:auto;padding:16px;display:flex;flex-direction:column;gap:12px;background-color:#f8f9fa}.chat-message[_ngcontent-ng-c208528153]{max-width:85%;display:flex;flex-direction:column;gap:8px}.bot-message[_ngcontent-ng-c208528153]{align-self:flex-start}.user-message[_ngcontent-ng-c208528153]{align-self:flex-end}.message-content[_ngcontent-ng-c208528153]{padding:10px 14px;border-radius:12px;font-size:14px;line-height:1.4}.bot-message[_ngcontent-ng-c208528153]   .message-content[_ngcontent-ng-c208528153]{background-color:#fff;color:#333;border:1px solid #e0e0e0;border-bottom-left-radius:4px}.user-message[_ngcontent-ng-c208528153]   .message-content[_ngcontent-ng-c208528153]{background-color:#1e6098;color:#fff;border-bottom-right-radius:4px}.message-content.loading[_ngcontent-ng-c208528153]{display:flex;gap:4px;padding:12px 16px}.dot[_ngcontent-ng-c208528153]{width:8px;height:8px;background-color:#999;border-radius:50%;animation:_ngcontent-ng-c208528153_bounce 1.4s infinite ease-in-out both}.dot[_ngcontent-ng-c208528153]:nth-child(1){animation-delay:-.32s}.dot[_ngcontent-ng-c208528153]:nth-child(2){animation-delay:-.16s}@keyframes _ngcontent-ng-c208528153_bounce{0%,80%,to{transform:scale(0)}40%{transform:scale(1)}}.action-buttons[_ngcontent-ng-c208528153]{display:flex;flex-wrap:wrap;gap:8px}.action-btn[_ngcontent-ng-c208528153]{background-color:#fff;border:1px solid #1E6098;color:#1e6098;padding:8px 14px;border-radius:20px;font-size:13px;cursor:pointer;transition:background-color .2s ease,color .2s ease}.action-btn[_ngcontent-ng-c208528153]:hover{background-color:#1e6098;color:#fff}.product-list[_ngcontent-ng-c208528153]{display:flex;flex-direction:column;gap:8px;margin-top:4px}.product-card[_ngcontent-ng-c208528153]{display:flex;align-items:center;gap:10px;background:#fff;border:1px solid #e0e0e0;border-radius:8px;padding:8px;cursor:pointer;transition:border-color .2s ease,box-shadow .2s ease}.product-card[_ngcontent-ng-c208528153]:hover{border-color:#1e6098;box-shadow:0 2px 8px #1e609826}.product-image[_ngcontent-ng-c208528153]{width:48px;height:48px;object-fit:cover;border-radius:6px;background-color:#f0f0f0}.product-info[_ngcontent-ng-c208528153]{flex:1;min-width:0}.product-name[_ngcontent-ng-c208528153]{font-size:13px;font-weight:500;color:#333;white-space:nowrap;overflow:hidden;text-overflow:ellipsis}.product-price[_ngcontent-ng-c208528153]{font-size:12px;color:#1e6098;font-weight:600}.chat-input-container[_ngcontent-ng-c208528153]{display:flex;gap:8px;padding:12px;border-top:1px solid #e0e0e0;background:#fff}.chat-input[_ngcontent-ng-c208528153]{flex:1;border:1px solid #e0e0e0;border-radius:20px;padding:10px 16px;font-size:14px;outline:none;transition:border-color .2s ease}.chat-input[_ngcontent-ng-c208528153]:focus{border-color:#1e6098}.chat-send-btn[_ngcontent-ng-c208528153]{width:40px;height:40px;border-radius:50%;background-color:#1e6098;border:none;cursor:pointer;display:flex;align-items:center;justify-content:center;color:#fff;transition:background-color .2s ease,transform .1s ease}.chat-send-btn[_ngcontent-ng-
[...]
"KI" class="ng-star-inserted">Kiribati</option><option value="KP" class="ng-star-inserted">Korea (the Democratic People's Republic of)</option><option value="KR" class="ng-star-inserted">Korea (the Republic of)</option><option value="KW" class="ng-star-inserted">Kuwait</option><option value="KG" class="ng-star-inserted">Kyrgyzstan</option><option value="LA" class="ng-star-inserted">Lao People's Democratic Republic (the)</option><option value="LV" class="ng-star-inserted">Latvia</option><option value="LB" class="ng-star-inserted">Lebanon</option><option value="LS" class="ng-star-inserted">Lesotho</option><option value="LR" class="ng-star-inserted">Liberia</option><option value="LY" class="ng-star-inserted">Libya</option><option value="LI" class="ng-star-inserted">Liechtenstein</option><option value="LT" class="ng-star-inserted">Lithuania</option><option value="LU" class="ng-star-inserted">Luxembourg</option><option value="MO" class="ng-star-inserted">Macao</option><option value="MG" class="ng-star-inserted">Madagascar</option><option value="MW" class="ng-star-inserted">Malawi</option><option value="MY" class="ng-star-inserted">Malaysia</option><option value="MV" class="ng-star-inserted">Maldives</option><option value="ML" class="ng-star-inserted">Mali</option><option value="MT" class="ng-star-inserted">Malta</option><option value="MH" class="ng-star-inserted">Marshall Islands (the)</option><option value="MQ" class="ng-star-inserted">Martinique</option><option value="MR" class="ng-star-inserted">Mauritania</option><option value="MU" class="ng-star-inserted">Mauritius</option><option value="YT" class="ng-star-inserted">Mayotte</option><option value="MX" class="ng-star-inserted">Mexico</option><option value="FM" class="ng-star-inserted">Micronesia (Federated States of)</option><option value="MD" class="ng-star-inserted">Moldova (the Republic of)</option><option value="MC" class="ng-star-inserted">Monaco</option><option value="MN" class="ng-star-inserted">Mongolia</option><option value="ME" class="ng-star-inserted">Montenegro</option><option value="MS" class="ng-star-inserted">Montserrat</option><option value="MA" class="ng-star-inserted">Morocco</option><option value="MZ" class="ng-star-inserted">Mozambique</option><option value="MM" class="ng-star-inserted">Myanmar</option><option value="NA" class="ng-star-inserted">Namibia</option><option value="NR" class="ng-star-inserted">Nauru</option><option value="NP" class="ng-star-inserted">Nepal</option><option value="NL" class="ng-star-inserted">Netherlands (the)</option><option value="NC" class="ng-star-inserted">New Caledonia</option><option value="NZ" class="ng-star-inserted">New Zealand</option><option value="NI" class="ng-star-inserted">Nicaragua</option><option value="NE" class="ng-star-inserted">Niger (the)</option><option value="NG" class="ng-star-inserted">Nigeria</option><option value="NU" class="ng-star-inserted">Niue</option><option value="NF" class="ng-star-inserted">Norfolk Island</option><option value="MP" class="ng-star-inserted">Northern Mariana Islands (the)</option><option value="NO" class="ng-star-inserted">Norway</option><option value="OM" class="ng-star-inserted">Oman</option><option value="PK" class="ng-star-inserted">Pakistan</option><option value="PW" class="ng-star-inserted">Palau</option><option value="PS" class="ng-star-inserted">Palestine, State of</option><option value="PA" class="ng-star-inserted">Panama</option><option value="PG" class="ng-star-inserted">Papua New Guinea</option><option value="PY" class="ng-star-inserted">Paraguay</option><option value="PE" class="ng-star-inserted">Peru</option><option value="PH" class="ng-star-inserted">Philippines (the)</option><option value="PN" class="ng-star-inserted">Pitcairn</option><option value="PL" class="ng-star-inserted">Poland</option><option value="PT" class="ng-star-inserted">Portugal</option><option value="PR" class="ng-star-inserted">Puerto Rico</option><option value="QA" class="ng-star-inserted">Qatar</option><option value="MK" class="ng-star-inserted">Republic of North Macedonia</option><option value="RO" class="ng-star-inserted">Romania</option><option value="RU" class="ng-star-inserted">Russian Federation (the)</option><option value="RW" class="ng-star-inserted">Rwanda</option><option value="RE" class="ng-star-inserted">Réunion</option><option value="BL" class="ng-star-inserted">Saint Barthélemy</option><option value="SH" class="ng-star-inserted">Saint Helena, Ascension and Tristan da Cunha</option><option value="KN" class="ng-star-inserted">Saint Kitts and Nevis</option><option value="LC" class="ng-star-inserted">Saint Lucia</option><option value="MF" class="ng-star-inserted">Saint Martin (French part)</option><option value="PM" class="ng-star-inserted">Saint Pierre and Miquelon</option><option value="VC" class="ng-star-inserted">Saint Vincent and the Grenadines</option><option value="WS" class="ng-star-inserted">Samoa</option><option value="SM" class="ng-star-inserted">San Marino</option><option value="ST" class="ng-star-inserted">Sao Tome and Principe</option><option value="SA" class="ng-star-inserted">Saudi Arabia</option><option value="SN" class="ng-star-inserted">Senegal</option><option value="RS" class="ng-star-inserted">Serbia</option><option value="SC" class="ng-star-inserted">Seychelles</option><option value="SL" class="ng-star-inserted">Sierra Leone</option><option value="SG" class="ng-star-inserted">Singapore</option><option value="SX" class="ng-star-inserted">Sint Maarten (Dutch part)</option><option value="SK" class="ng-star-inserted">Slovakia</option><option value="SI" class="ng-star-inserted">Slovenia</option><option value="SB" class="ng-star-inserted">Solomon Islands</option><option value="SO" class="ng-star-inserted">Somalia</option><option value="ZA" class="ng-star-inserted">South Africa</option><option value="GS" class="ng-star-inserted">South Georgia and the South Sandwich Islands</option><option value="SS" class="ng-star-inserted">South Sudan</option><option value="ES" class="ng-star-inserted">Spain</option><option value="LK" class="ng-star-inserted">Sri Lanka</option><option value="SD" class="ng-star-inserted">Sudan (the)</option><option value="SR" class="ng-star-inserted">Suriname</option><option value="SJ" class="ng-star-inserted">Svalbard and Jan Mayen</option><option value="SE" class="ng-star-inserted">Sweden</option><option value="CH" class="ng-star-inserted">Switzerland</option><option value="SY" class="ng-star-inserted">Syrian Arab Republic</option><option value="TW" class="ng-star-inserted">Taiwan (Province of China)</option><option value="TJ" class="ng-star-inserted">Tajikistan</option><option value="TZ" class="ng-star-inserted">Tanzania, United Republic of</option><option value="TH" class="ng-star-inserted">Thailand</option><option value="TL" class="ng-star-inserted">Timor-Leste</option><option value="TG" class="ng-star-inserted">Togo</option><option value="TK" class="ng-star-inserted">Tokelau</option><option value="TO" class="ng-star-inserted">Tonga</option><option value="TT" class="ng-star-inserted">Trinidad and Tobago</option><option value="TN" class="ng-star-inserted">Tunisia</option><option value="TR" class="ng-star-inserted">Turkey</option><option value="TM" class="ng-star-inserted">Turkmenistan</option><option value="TC" class="ng-star-inserted">Turks and Caicos Islands (the)</option><option value="TV" class="ng-star-inserted">Tuvalu</option><option value="UG" class="ng-star-inserted">Uganda</option><option value="UA" class="ng-star-inserted">Ukraine</option><option value="AE" class="ng-star-inserted">United Arab Emirates (the)</option><option value="GB" class="ng-star-inserted">United Kingdom of Great Britain and Northern Ireland (the)</option><option value="UM" class="ng-star-inserted">United States Minor Outlying Islands (the)</option><option value="US" class="ng-star-inserted">United States of America (the)</option><option value="UY" class="ng-star-inserted">Uruguay</option><option value="UZ" class="ng-star-inserted">Uzbekistan</option><option value="VU" class="ng-star-inserted">Vanuatu</option><option value="VE" class="ng-star-inserted">Venezuela (Bolivarian Republic of)</option><option value="VN" class="ng-star-inserted">Viet Nam</option><option value="VG" class="ng-star-inserted">Virgin Islands (British)</option><option value="VI" class="ng-star-inserted">Virgin Islands (U.S.)</option><option value="WF" class="ng-star-inserted">Wallis and Futuna</option><option value="EH" class="ng-star-inserted">Western Sahara</option><option value="YE" class="ng-star-inserted">Yemen</option><option value="ZM" class="ng-star-inserted">Zambia</option><option value="ZW" class="ng-star-inserted">Zimbabwe</option><!----></select></div><small data-test="postcode-lookup-hint" class="text-muted d-block mb-2"> Enter country, postal code and house number. We will fill in the rest automatically. </small><div class="row"><div class="col-md-6 mb-3"><label for="postal_code" class="form-label">Postal code</label><input formcontrolname="postal_code" data-test="postal_code" id="postal_code" type="text" class="form-control ng-untouched ng-pristine ng-invalid" placeholder="Your Postcode *"></div><div class="col-md-6 mb-3"><label for="house_number" class="form-label">House number</label><input formcontrolname="house_number" data-test="house_number" id="house_number" type="text" class="form-control ng-untouched ng-pristine ng-invalid" placeholder="e.g. 42 *"></div></div><!----><!----><div class="mb-3"><label for="street" class="form-label">Street</label><input formcontrolname="street" data-test="street" id="street" type="text" class="form-control ng-untouched ng-pristine ng-invalid" placeholder="Your Street *"></div><div class="mb-3"><label for="city" class="form-label">City</label><input formcontrolname="city" data-test="city" id="city" type="text" class="form-control ng-untouched ng-pristine ng-invalid" placeholder="Your City *"></div><div class="mb-3"><label for="state" class="form-label">State</label><input formcontrolname="state" data-test="state" id="state" type="text" class="form-control ng-untouched ng-pristine ng-invalid" placeholder="State *"></div></div></form><div class="float-end"><button data-test="proceed-3" type="button" awnextstep="" class="btn btn-success" disabled="">Proceed to checkout </button></div></div></div></div><!----></app-address></aw-wizard-step><aw-wizard-completion-step hidden=""><app-payment><div class="container ng-star-inserted"><div class="row"><!----><div class="col-md-6 offset-md-3 login-form-1 ng-star-inserted"><h3>Payment</h3><form novalidate="" class="ng-untouched ng-pristine ng-invalid"><div class="input-group mb-3"><label for="payment-method" class="visually-hidden">Payment Method</label><select data-test="payment-method" id="payment-method" formcontrolname="payment_method" class="form-select ng-untouched ng-pristine ng-invalid"><option value="" disabled="">Choose your payment method</option><option value="bank-transfer">Bank Transfer</option><option value="cash-on-delivery">Cash on Delivery</option><option value="credit-card">Credit Card</option><option value="buy-now-pay-later">Buy Now Pay Later</option><option value="gift-card">Gift Card</option></select></div><!----><!----><!----><!----><!----><!----><!----></form><div class="float-end"><button data-test="finish" type="button" class="btn btn-success" disabled=""> Confirm </button></div></div><!----></div></div><!----></app-payment></aw-wizard-completion-step></div><!----></aw-wizard><!----></app-checkout><!----></div><app-footer><div class="container-fluid text-center bg-light p-5 mt-4"><p>This is a DEMO application (<a target="_blank" href="https://github.com/testsmith-io/practice-software-testing">GitHub repo</a>), used for software testing training purpose. | <a routerlink="privacy" href="/privacy">Privacy Policy</a> | Banner photo by <a target="_blank" href="https://unsplash.com/@barnimages">Barn Images</a> on <a target="_blank" href="https://unsplash.com/photos/t5YUoHW6zRo">Unsplash</a>. </p></div><!----></app-footer><app-chat-widget _nghost-ng-c208528153=""><div _ngcontent-ng-c208528153="" class="chat-widget"><button _ngcontent-ng-c208528153="" aria-label="Open chat" data-test="chat-toggle" class="chat-toggle-btn"><svg _ngcontent-ng-c208528153="" xmlns="http://www.w3.org/2000/svg" width="24" height="24" viewBox="0 0 24 24" fill="none" stroke="currentColor" stroke-width="2" stroke-linecap="round" stroke-linejoin="round"><path _ngcontent-ng-c208528153="" d="M21 15a2 2 0 0 1-2 2H7l-4 4V5a2 2 0 0 1 2-2h14a2 2 0 0 1 2 2z"></path></svg></button><!----><!----></div><!----></app-chat-widget></app-root>
<link rel="modulepreload" href="chunk-C35FMS5I.js"><link rel="modulepreload" href="chunk-2ULIWDR5.js"><link rel="modulepreload" href="chunk-B664JHMW.js"><link rel="modulepreload" href="chunk-3TAVTRJK.js"><link rel="modulepreload" href="chunk-KGCG27Y3.js"><link rel="modulepreload" href="chunk-RAOCL2H4.js"><link rel="modulepreload" href="chunk-WMJAIMTU.js"><link rel="modulepreload" href="chunk-KMLEGBVW.js"><link rel="modulepreload" href="chunk-5RB5B36A.js"><link rel="modulepreload" href="chunk-IDAVDH5U.js"><script src="polyfills-P3D37GLB.js" type="module"></script><script src="scripts-WL2QHKC5.js" defer=""></script><script src="main-Y6BH7EL3.js" type="module"></script><script defer="" src="https://static.cloudflareinsights.com/beacon.min.js/v833ccba57c9e4d2798f2e76cebdd09a11778172276447" integrity="sha512-57MDmcccJXYtNnH+ZiBwzC4jb2rvgVCEokYN+L/nLlmO8rfYT/gIpW2A569iJ/3b+0UEasghjuZH/ma3wIs/EQ==" data-cf-beacon="{&quot;version&quot;:&quot;2024.11.0&quot;,&quot;token&quot;:&quot;df13a0ecec6e47d4a531b7da7efbd6fc&quot;,&quot;r&quot;:1,&quot;server_timing&quot;:{&quot;name&quot;:{&quot;cfCacheStatus&quot;:true,&quot;cfEdge&quot;:true,&quot;cfExtPri&quot;:true,&quot;cfL4&quot;:true,&quot;cfOrigin&quot;:true,&quot;cfSpeedBrain&quot;:true},&quot;location_startswith&quot;:null}}" crossorigin="anonymous"></script>
<script>(function(){function c(){var b=a.contentDocument||a.contentWindow.document;if(b){var d=b.createElement('script');d.innerHTML="window.__CF$cv$params={r:'a0e352c0eee9e28a',t:'MTc4MTg4MDM4Ng=='};var a=document.createElement('script');a.src='/cdn-cgi/challenge-platform/scripts/jsd/main.js';document.getElementsByTagName('head')[0].appendChild(a);";b.getElementsByTagName('head')[0].appendChild(d)}}if(document.body){var a=document.createElement('iframe');a.height=1;a.width=1;a.style.position='absolute';a.style.top=0;a.style.left=0;a.style.border='none';a.style.visibility='hidden';document.body.appendChild(a);if('loading'!==document.readyState)c();else if(window.addEventListener)document.addEventListener('DOMContentLoaded',c);else{var e=document.onreadystatechange||function(){};document.onreadystatechange=function(b){e(b);'loading'!==document.readyState&&(document.onreadystatechange=e,c())}}}})();</script><iframe height="1" width="1" style="position: absolute; top: 0px; left: 0px; border-width: medium; border-style: none; border-color: currentcolor; border-image: initial; visibility: hidden;"></iframe>

<div class="overlay-container" aria-live="polite"><div id="toast-container" class="toast-top-right toast-container"></div></div></body></html>
]]></system-out>
    <system-err><![CDATA[SLF4J(W): No SLF4J providers were found.
SLF4J(W): Defaulting to no-operation (NOP) logger implementation
SLF4J(W): See https://www.slf4j.org/codes.html#noProviders for further details.
Jun 19, 2026 5:46:25 PM org.openqa.selenium.devtools.CdpVersionFinder findNearestMatch
WARNING: Unable to find CDP implementation matching 149
Jun 19, 2026 5:46:25 PM org.openqa.selenium.chromium.ChromiumDriver lambda$new$5
WARNING: Unable to find version of CDP to use for 149.0.7827.103. You may need to include a dependency on a specific version of the CDP using something similar to `org.seleniumhq.selenium:selenium-devtools-v86:4.26.0` where the version ("v86") matches the version of the chromium-based browser you're using and the version number of the artifact is the same as Selenium's.
org.openqa.selenium.TimeoutException: Expected condition failed: waiting for element to be clickable: By.cssSelector: [data-test='proceed-2'] (tried for 10 second(s) with 500 milliseconds interval)
Build info: version: '4.26.0', revision: '8ccf0219d7'
System info: os.name: 'Windows 11', os.arch: 'amd64', os.version: '10.0', java.version: '24.0.2'
Driver info: org.openqa.selenium.chrome.ChromeDriver
Capabilities {acceptInsecureCerts: false, browserName: chrome, browserVersion: 149.0.7827.103, chrome: {chromedriverVersion: 149.0.7827.155 (07b52360cc1..., userDataDir: C:\Users\d\AppData\Local\Te...}, fedcm:accounts: true, goog:chromeOptions: {debuggerAddress: localhost:64668}, goog:processID: 28704, networkConnectionEnabled: false, pageLoadStrategy: normal, platformName: windows, proxy: Proxy(), se:cdp: ws://localhost:64668/devtoo..., se:cdpVersion: 149.0.7827.103, setWindowRect: true, strictFileInteractability: false, timeouts: {implicit: 0, pageLoad: 300000, script: 30000}, unhandledPromptBehavior: dismiss and notify, webauthn:extension:credBlob: true, webauthn:extension:largeBlob: true, webauthn:extension:minPinLength: true, webauthn:extension:prf: true, webauthn:virtualAuthenticators: true}
Session ID: 7e159668d7fc048ea82195961981397c
	at org.openqa.selenium.support.ui.WebDriverWait.timeoutException(WebDriverWait.java:84)
	at org.openqa.selenium.support.ui.FluentWait.until(FluentWait.java:228)
	at org.example.ExplorePayment.testCheckout(ExplorePayment.java:64)
	at java.base/jdk.internal.reflect.DirectMethodHandleAccessor.invoke(DirectMethodHandleAccessor.java:104)
	at java.base/java.lang.reflect.Method.invoke(Method.java:565)
	at org.testng.internal.invokers.MethodInvocationHelper.invokeMethod(MethodInvocationHelper.java:141)
	at org.testng.internal.invokers.TestInvoker.invokeMethod(TestInvoker.java:687)
	at org.testng.internal.invokers.TestInvoker.invokeTestMethod(TestInvoker.java:230)
	at org.testng.internal.invokers.MethodRunner.runInSequence(MethodRunner.java:63)
	at org.testng.internal.invokers.TestInvoker$MethodInvocationAgent.invoke(TestInvoker.java:995)
	at org.testng.internal.invokers.TestInvoker.invokeTestMethods(TestInvoker.java:203)
	at org.testng.internal.invokers.TestMethodWorker.invokeTestMethods(TestMethodWorker.java:154)
	at org.testng.internal.invokers.TestMethodWorker.run(TestMethodWorker.java:134)
	at java.base/java.util.ArrayList.forEach(ArrayList.java:1604)
	at org.testng.TestRunner.privateRun(TestRunner.java:741)
	at org.testng.TestRunner.run(TestRunner.java:616)
	at org.testng.SuiteRunner.runTest(SuiteRunner.java:421)
	at org.testng.SuiteRunner.runSequentially(SuiteRunner.java:413)
	at org.testng.SuiteRunner.privateRun(SuiteRunner.java:373)
	at org.testng.SuiteRunner.run(SuiteRunner.java:312)
	at org.testng.SuiteRunnerWorker.runSuite(SuiteRunnerWorker.java:52)
	at org.testng.SuiteRunnerWorker.run(SuiteRunnerWorker.java:95)
	at org.testng.TestNG.runSuitesSequentially(TestNG.java:1274)
	at org.testng.TestNG.runSuitesLocally(TestNG.java:1208)
	at org.testng.TestNG.runSuites(TestNG.java:1112)
	at org.testng.TestNG.run(TestNG.java:1079)
	at org.apache.maven.surefire.testng.TestNGExecutor.run(TestNGExecutor.java:155)
	at org.apache.maven.surefire.testng.TestNGDirectoryTestSuite.executeSingleClass(TestNGDirectoryTestSuite.java:102)
	at org.apache.maven.surefire.testng.TestNGDirectoryTestSuite.execute(TestNGDirectoryTestSuite.java:91)
	at org.apache.maven.surefire.testng.TestNGProvider.invoke(TestNGProvider.java:137)
	at org.apache.maven.surefire.booter.ForkedBooter.runSuitesInProcess(ForkedBooter.java:385)
	at org.apache.maven.surefire.booter.ForkedBooter.execute(ForkedBooter.java:162)
	at org.apache.maven.surefire.booter.ForkedBooter.run(ForkedBooter.java:507)
	at org.apache.maven.surefire.booter.ForkedBooter.main(ForkedBooter.java:495)
]]></system-err>
  </testcase>
</testsuite>